Apache Maven 3.8.6 (84538c9988a25aec085021c365c560670ad80f63)
Maven home: /Users/khm/tools/maven
Java version: 17.0.3, vendor: Azul Systems, Inc., runtime: /Users/khm/.sdkman/candidates/java/17.0.3-zulu/zulu-17.jdk/Contents/Home
Default locale: en_DE, platform encoding: UTF-8
OS name: "mac os x", version: "12.4", arch: "aarch64", family: "mac"
[DEBUG] Created new class realm maven.api
[DEBUG] Importing foreign packages into class realm maven.api
[DEBUG]   Imported: javax.annotation.* < plexus.core
[DEBUG]   Imported: javax.annotation.security.* < plexus.core
[DEBUG]   Imported: javax.inject.* < plexus.core
[DEBUG]   Imported: org.apache.maven.* < plexus.core
[DEBUG]   Imported: org.apache.maven.artifact < plexus.core
[DEBUG]   Imported: org.apache.maven.classrealm < plexus.core
[DEBUG]   Imported: org.apache.maven.cli < plexus.core
[DEBUG]   Imported: org.apache.maven.configuration < plexus.core
[DEBUG]   Imported: org.apache.maven.exception < plexus.core
[DEBUG]   Imported: org.apache.maven.execution < plexus.core
[DEBUG]   Imported: org.apache.maven.execution.scope < plexus.core
[DEBUG]   Imported: org.apache.maven.lifecycle < plexus.core
[DEBUG]   Imported: org.apache.maven.model < plexus.core
[DEBUG]   Imported: org.apache.maven.monitor < plexus.core
[DEBUG]   Imported: org.apache.maven.plugin < plexus.core
[DEBUG]   Imported: org.apache.maven.profiles < plexus.core
[DEBUG]   Imported: org.apache.maven.project < plexus.core
[DEBUG]   Imported: org.apache.maven.reporting < plexus.core
[DEBUG]   Imported: org.apache.maven.repository < plexus.core
[DEBUG]   Imported: org.apache.maven.rtinfo < plexus.core
[DEBUG]   Imported: org.apache.maven.settings < plexus.core
[DEBUG]   Imported: org.apache.maven.toolchain < plexus.core
[DEBUG]   Imported: org.apache.maven.usability < plexus.core
[DEBUG]   Imported: org.apache.maven.wagon.* < plexus.core
[DEBUG]   Imported: org.apache.maven.wagon.authentication < plexus.core
[DEBUG]   Imported: org.apache.maven.wagon.authorization < plexus.core
[DEBUG]   Imported: org.apache.maven.wagon.events < plexus.core
[DEBUG]   Imported: org.apache.maven.wagon.observers < plexus.core
[DEBUG]   Imported: org.apache.maven.wagon.proxy < plexus.core
[DEBUG]   Imported: org.apache.maven.wagon.repository < plexus.core
[DEBUG]   Imported: org.apache.maven.wagon.resource < plexus.core
[DEBUG]   Imported: org.codehaus.classworlds < plexus.core
[DEBUG]   Imported: org.codehaus.plexus.* < plexus.core
[DEBUG]   Imported: org.codehaus.plexus.classworlds < plexus.core
[DEBUG]   Imported: org.codehaus.plexus.component < plexus.core
[DEBUG]   Imported: org.codehaus.plexus.configuration < plexus.core
[DEBUG]   Imported: org.codehaus.plexus.container < plexus.core
[DEBUG]   Imported: org.codehaus.plexus.context < plexus.core
[DEBUG]   Imported: org.codehaus.plexus.lifecycle < plexus.core
[DEBUG]   Imported: org.codehaus.plexus.logging < plexus.core
[DEBUG]   Imported: org.codehaus.plexus.personality < plexus.core
[DEBUG]   Imported: org.codehaus.plexus.util.xml.Xpp3Dom < plexus.core
[DEBUG]   Imported: org.codehaus.plexus.util.xml.pull.XmlPullParser < plexus.core
[DEBUG]   Imported: org.codehaus.plexus.util.xml.pull.XmlPullParserException < plexus.core
[DEBUG]   Imported: org.codehaus.plexus.util.xml.pull.XmlSerializer < plexus.core
[DEBUG]   Imported: org.eclipse.aether.* < plexus.core
[DEBUG]   Imported: org.eclipse.aether.artifact < plexus.core
[DEBUG]   Imported: org.eclipse.aether.collection < plexus.core
[DEBUG]   Imported: org.eclipse.aether.deployment < plexus.core
[DEBUG]   Imported: org.eclipse.aether.graph < plexus.core
[DEBUG]   Imported: org.eclipse.aether.impl < plexus.core
[DEBUG]   Imported: org.eclipse.aether.installation < plexus.core
[DEBUG]   Imported: org.eclipse.aether.internal.impl < plexus.core
[DEBUG]   Imported: org.eclipse.aether.metadata < plexus.core
[DEBUG]   Imported: org.eclipse.aether.repository < plexus.core
[DEBUG]   Imported: org.eclipse.aether.resolution < plexus.core
[DEBUG]   Imported: org.eclipse.aether.spi < plexus.core
[DEBUG]   Imported: org.eclipse.aether.transfer < plexus.core
[DEBUG]   Imported: org.eclipse.aether.version < plexus.core
[DEBUG]   Imported: org.fusesource.jansi.* < plexus.core
[DEBUG]   Imported: org.slf4j.* < plexus.core
[DEBUG]   Imported: org.slf4j.event.* < plexus.core
[DEBUG]   Imported: org.slf4j.helpers.* < plexus.core
[DEBUG]   Imported: org.slf4j.spi.* < plexus.core
[DEBUG] Populating class realm maven.api
[INFO] Error stacktraces are turned on.
[DEBUG] Message scheme: color
[DEBUG] Message styles: debug info warning error success failure strong mojo project
[DEBUG] Reading global settings from /Users/khm/tools/maven/conf/settings.xml
[DEBUG] Reading user settings from /Users/khm/.m2/settings.xml
[DEBUG] Reading global toolchains from /Users/khm/tools/maven/conf/toolchains.xml
[DEBUG] Reading user toolchains from /Users/khm/.m2/toolchains.xml
[DEBUG] Using local repository at /Users/khm/.m2/repository
[DEBUG] Using manager EnhancedLocalRepositoryManager with priority 10.0 for /Users/khm/.m2/repository
[INFO] Scanning for projects...
[DEBUG] Using mirror nexus (http://localhost:8081/nexus/content/groups/public) for central (https://central).
[DEBUG] Extension realms for project com.soebes.youtube.maven.episodes:example-episode-3:jar:1.0-SNAPSHOT: (none)
[DEBUG] Looking up lifecycle mappings for packaging jar from ClassRealm[plexus.core, parent: null]
[DEBUG] Using mirror nexus (http://localhost:8081/nexus/content/groups/public) for central (https://repo.maven.apache.org/maven2).
[DEBUG] === REACTOR BUILD PLAN ================================================
[DEBUG] Project: com.soebes.youtube.maven.episodes:example-episode-3:jar:1.0-SNAPSHOT
[DEBUG] Tasks:   [clean, test]
[DEBUG] Style:   Regular
[DEBUG] =======================================================================
[INFO] 
[INFO] --------< com.soebes.youtube.maven.episodes:example-episode-3 >---------
[INFO] Building Unit- and Integration Testing 1.0-SNAPSHOT
[INFO] --------------------------------[ jar ]---------------------------------
[DEBUG] Lifecycle default -> [validate, initialize, generate-sources, process-sources, generate-resources, process-resources, compile, process-classes, generate-test-sources, process-test-sources, generate-test-resources, process-test-resources, test-compile, process-test-classes, test, prepare-package, package, pre-integration-test, integration-test, post-integration-test, verify, install, deploy]
[DEBUG] Lifecycle clean -> [pre-clean, clean, post-clean]
[DEBUG] Lifecycle site -> [pre-site, site, post-site, site-deploy]
[DEBUG] Using mirror nexus (http://localhost:8081/nexus/content/groups/public) for apache.snapshots (https://repository.apache.org/snapshots).
[DEBUG] Lifecycle default -> [validate, initialize, generate-sources, process-sources, generate-resources, process-resources, compile, process-classes, generate-test-sources, process-test-sources, generate-test-resources, process-test-resources, test-compile, process-test-classes, test, prepare-package, package, pre-integration-test, integration-test, post-integration-test, verify, install, deploy]
[DEBUG] Lifecycle clean -> [pre-clean, clean, post-clean]
[DEBUG] Lifecycle site -> [pre-site, site, post-site, site-deploy]
[DEBUG] Using mirror nexus (http://localhost:8081/nexus/content/groups/public) for plexus.snapshots (https://oss.sonatype.org/content/repositories/plexus-snapshots).
[DEBUG] Lifecycle default -> [validate, initialize, generate-sources, process-sources, generate-resources, process-resources, compile, process-classes, generate-test-sources, process-test-sources, generate-test-resources, process-test-resources, test-compile, process-test-classes, test, prepare-package, package, pre-integration-test, integration-test, post-integration-test, verify, install, deploy]
[DEBUG] Lifecycle clean -> [pre-clean, clean, post-clean]
[DEBUG] Lifecycle site -> [pre-site, site, post-site, site-deploy]
[DEBUG] Lifecycle default -> [validate, initialize, generate-sources, process-sources, generate-resources, process-resources, compile, process-classes, generate-test-sources, process-test-sources, generate-test-resources, process-test-resources, test-compile, process-test-classes, test, prepare-package, package, pre-integration-test, integration-test, post-integration-test, verify, install, deploy]
[DEBUG] Lifecycle clean -> [pre-clean, clean, post-clean]
[DEBUG] Lifecycle site -> [pre-site, site, post-site, site-deploy]
[DEBUG] Lifecycle default -> [validate, initialize, generate-sources, process-sources, generate-resources, process-resources, compile, process-classes, generate-test-sources, process-test-sources, generate-test-resources, process-test-resources, test-compile, process-test-classes, test, prepare-package, package, pre-integration-test, integration-test, post-integration-test, verify, install, deploy]
[DEBUG] Lifecycle clean -> [pre-clean, clean, post-clean]
[DEBUG] Lifecycle site -> [pre-site, site, post-site, site-deploy]
[DEBUG] Lifecycle default -> [validate, initialize, generate-sources, process-sources, generate-resources, process-resources, compile, process-classes, generate-test-sources, process-test-sources, generate-test-resources, process-test-resources, test-compile, process-test-classes, test, prepare-package, package, pre-integration-test, integration-test, post-integration-test, verify, install, deploy]
[DEBUG] Lifecycle clean -> [pre-clean, clean, post-clean]
[DEBUG] Lifecycle site -> [pre-site, site, post-site, site-deploy]
[DEBUG] Lifecycle default -> [validate, initialize, generate-sources, process-sources, generate-resources, process-resources, compile, process-classes, generate-test-sources, process-test-sources, generate-test-resources, process-test-resources, test-compile, process-test-classes, test, prepare-package, package, pre-integration-test, integration-test, post-integration-test, verify, install, deploy]
[DEBUG] Lifecycle clean -> [pre-clean, clean, post-clean]
[DEBUG] Lifecycle site -> [pre-site, site, post-site, site-deploy]
[DEBUG] Lifecycle default -> [validate, initialize, generate-sources, process-sources, generate-resources, process-resources, compile, process-classes, generate-test-sources, process-test-sources, generate-test-resources, process-test-resources, test-compile, process-test-classes, test, prepare-package, package, pre-integration-test, integration-test, post-integration-test, verify, install, deploy]
[DEBUG] Lifecycle clean -> [pre-clean, clean, post-clean]
[DEBUG] Lifecycle site -> [pre-site, site, post-site, site-deploy]
[DEBUG] === PROJECT BUILD PLAN ================================================
[DEBUG] Project:       com.soebes.youtube.maven.episodes:example-episode-3:1.0-SNAPSHOT
[DEBUG] Dependencies (collect): []
[DEBUG] Dependencies (resolve): [compile, test]
[DEBUG] Repositories (dependencies): [nexus (http://localhost:8081/nexus/content/groups/public, default, releases+snapshots)]
[DEBUG] Repositories (plugins)     : [nexus (http://localhost:8081/nexus/content/groups/public, default, releases+snapshots)]
[DEBUG] -----------------------------------------------------------------------
[DEBUG] Goal:          org.apache.maven.plugins:maven-clean-plugin:3.2.0:clean (default-clean)
[DEBUG] Style:         Regular
[DEBUG] Configuration: <?xml version="1.0" encoding="UTF-8"?>
<configuration>
  <directory default-value="${project.build.directory}"/>
  <excludeDefaultDirectories default-value="false">${maven.clean.excludeDefaultDirectories}</excludeDefaultDirectories>
  <failOnError default-value="true">${maven.clean.failOnError}</failOnError>
  <fast default-value="false">${maven.clean.fast}</fast>
  <fastDir>${maven.clean.fastDir}</fastDir>
  <fastMode default-value="background">${maven.clean.fastMode}</fastMode>
  <followSymLinks default-value="false">${maven.clean.followSymLinks}</followSymLinks>
  <outputDirectory default-value="${project.build.outputDirectory}"/>
  <reportDirectory default-value="${project.build.outputDirectory}"/>
  <retryOnError default-value="true">${maven.clean.retryOnError}</retryOnError>
  <session default-value="${session}"/>
  <skip default-value="false">${maven.clean.skip}</skip>
  <testOutputDirectory default-value="${project.build.testOutputDirectory}"/>
  <verbose>${maven.clean.verbose}</verbose>
</configuration>
[DEBUG] -----------------------------------------------------------------------
[DEBUG] Goal:          org.apache.maven.plugins:maven-resources-plugin:3.2.0:resources (default-resources)
[DEBUG] Style:         Regular
[DEBUG] Configuration: <?xml version="1.0" encoding="UTF-8"?>
<configuration>
  <addDefaultExcludes default-value="true"/>
  <buildFilters default-value="${project.build.filters}"/>
  <encoding default-value="${project.build.sourceEncoding}"/>
  <escapeWindowsPaths default-value="true"/>
  <fileNameFiltering default-value="false"/>
  <includeEmptyDirs default-value="false"/>
  <outputDirectory default-value="${project.build.outputDirectory}"/>
  <overwrite default-value="false"/>
  <project default-value="${project}"/>
  <resources default-value="${project.resources}"/>
  <session default-value="${session}"/>
  <skip default-value="false">${maven.resources.skip}</skip>
  <supportMultiLineFiltering default-value="false"/>
  <useBuildFilters default-value="true"/>
  <useDefaultDelimiters default-value="true"/>
</configuration>
[DEBUG] -----------------------------------------------------------------------
[DEBUG] Goal:          org.apache.maven.plugins:maven-compiler-plugin:3.10.1:compile (default-compile)
[DEBUG] Style:         Regular
[DEBUG] Configuration: <?xml version="1.0" encoding="UTF-8"?>
<configuration>
  <basedir default-value="${basedir}"/>
  <buildDirectory default-value="${project.build.directory}"/>
  <compilePath default-value="${project.compileClasspathElements}"/>
  <compileSourceRoots default-value="${project.compileSourceRoots}"/>
  <compilerId default-value="javac">${maven.compiler.compilerId}</compilerId>
  <compilerReuseStrategy default-value="${reuseCreated}">${maven.compiler.compilerReuseStrategy}</compilerReuseStrategy>
  <compilerVersion>${maven.compiler.compilerVersion}</compilerVersion>
  <createMissingPackageInfoClass default-value="true">${maven.compiler.createMissingPackageInfoClass}</createMissingPackageInfoClass>
  <debug default-value="true">${maven.compiler.debug}</debug>
  <debugFileName default-value="javac"/>
  <debuglevel>${maven.compiler.debuglevel}</debuglevel>
  <enablePreview default-value="false">${maven.compiler.enablePreview}</enablePreview>
  <encoding default-value="${project.build.sourceEncoding}">${encoding}</encoding>
  <executable>${maven.compiler.executable}</executable>
  <failOnError default-value="true">${maven.compiler.failOnError}</failOnError>
  <failOnWarning default-value="false">${maven.compiler.failOnWarning}</failOnWarning>
  <forceJavacCompilerUse default-value="false">${maven.compiler.forceJavacCompilerUse}</forceJavacCompilerUse>
  <fork default-value="false">${maven.compiler.fork}</fork>
  <generatedSourcesDirectory default-value="${project.build.directory}/generated-sources/annotations"/>
  <maxmem>${maven.compiler.maxmem}</maxmem>
  <meminitial>${maven.compiler.meminitial}</meminitial>
  <mojoExecution default-value="${mojoExecution}"/>
  <optimize default-value="false">${maven.compiler.optimize}</optimize>
  <outputDirectory default-value="${project.build.outputDirectory}"/>
  <parameters default-value="false">${maven.compiler.parameters}</parameters>
  <project default-value="${project}"/>
  <projectArtifact default-value="${project.artifact}"/>
  <release>${maven.compiler.release}</release>
  <session default-value="${session}"/>
  <showDeprecation default-value="false">${maven.compiler.showDeprecation}</showDeprecation>
  <showWarnings default-value="false">${maven.compiler.showWarnings}</showWarnings>
  <skipMain>${maven.main.skip}</skipMain>
  <skipMultiThreadWarning default-value="false">${maven.compiler.skipMultiThreadWarning}</skipMultiThreadWarning>
  <source default-value="1.7">${maven.compiler.source}</source>
  <staleMillis default-value="0">${lastModGranularityMs}</staleMillis>
  <target default-value="1.7">${maven.compiler.target}</target>
  <useIncrementalCompilation default-value="true">${maven.compiler.useIncrementalCompilation}</useIncrementalCompilation>
  <verbose default-value="false">${maven.compiler.verbose}</verbose>
</configuration>
[DEBUG] -----------------------------------------------------------------------
[DEBUG] Goal:          org.apache.maven.plugins:maven-resources-plugin:3.2.0:testResources (default-testResources)
[DEBUG] Style:         Regular
[DEBUG] Configuration: <?xml version="1.0" encoding="UTF-8"?>
<configuration>
  <addDefaultExcludes default-value="true"/>
  <buildFilters default-value="${project.build.filters}"/>
  <encoding default-value="${project.build.sourceEncoding}"/>
  <escapeWindowsPaths default-value="true"/>
  <fileNameFiltering default-value="false"/>
  <includeEmptyDirs default-value="false"/>
  <outputDirectory default-value="${project.build.testOutputDirectory}"/>
  <overwrite default-value="false"/>
  <project default-value="${project}"/>
  <resources default-value="${project.testResources}"/>
  <session default-value="${session}"/>
  <skip default-value="false">${maven.test.skip}</skip>
  <supportMultiLineFiltering default-value="false"/>
  <useBuildFilters default-value="true"/>
  <useDefaultDelimiters default-value="true"/>
</configuration>
[DEBUG] -----------------------------------------------------------------------
[DEBUG] Goal:          org.apache.maven.plugins:maven-compiler-plugin:3.10.1:testCompile (default-testCompile)
[DEBUG] Style:         Regular
[DEBUG] Configuration: <?xml version="1.0" encoding="UTF-8"?>
<configuration>
  <basedir default-value="${basedir}"/>
  <buildDirectory default-value="${project.build.directory}"/>
  <compileSourceRoots default-value="${project.testCompileSourceRoots}"/>
  <compilerId default-value="javac">${maven.compiler.compilerId}</compilerId>
  <compilerReuseStrategy default-value="${reuseCreated}">${maven.compiler.compilerReuseStrategy}</compilerReuseStrategy>
  <compilerVersion>${maven.compiler.compilerVersion}</compilerVersion>
  <createMissingPackageInfoClass default-value="true">${maven.compiler.createMissingPackageInfoClass}</createMissingPackageInfoClass>
  <debug default-value="true">${maven.compiler.debug}</debug>
  <debugFileName default-value="javac-test"/>
  <debuglevel>${maven.compiler.debuglevel}</debuglevel>
  <enablePreview default-value="false">${maven.compiler.enablePreview}</enablePreview>
  <encoding default-value="${project.build.sourceEncoding}">${encoding}</encoding>
  <executable>${maven.compiler.executable}</executable>
  <failOnError default-value="true">${maven.compiler.failOnError}</failOnError>
  <failOnWarning default-value="false">${maven.compiler.failOnWarning}</failOnWarning>
  <forceJavacCompilerUse default-value="false">${maven.compiler.forceJavacCompilerUse}</forceJavacCompilerUse>
  <fork default-value="false">${maven.compiler.fork}</fork>
  <generatedTestSourcesDirectory default-value="${project.build.directory}/generated-test-sources/test-annotations"/>
  <maxmem>${maven.compiler.maxmem}</maxmem>
  <meminitial>${maven.compiler.meminitial}</meminitial>
  <mojoExecution default-value="${mojoExecution}"/>
  <optimize default-value="false">${maven.compiler.optimize}</optimize>
  <outputDirectory default-value="${project.build.testOutputDirectory}"/>
  <parameters default-value="false">${maven.compiler.parameters}</parameters>
  <project default-value="${project}"/>
  <release>${maven.compiler.release}</release>
  <session default-value="${session}"/>
  <showDeprecation default-value="false">${maven.compiler.showDeprecation}</showDeprecation>
  <showWarnings default-value="false">${maven.compiler.showWarnings}</showWarnings>
  <skip>${maven.test.skip}</skip>
  <skipMultiThreadWarning default-value="false">${maven.compiler.skipMultiThreadWarning}</skipMultiThreadWarning>
  <source default-value="1.7">${maven.compiler.source}</source>
  <staleMillis default-value="0">${lastModGranularityMs}</staleMillis>
  <target default-value="1.7">${maven.compiler.target}</target>
  <testPath default-value="${project.testClasspathElements}"/>
  <testRelease>${maven.compiler.testRelease}</testRelease>
  <testSource>${maven.compiler.testSource}</testSource>
  <testTarget>${maven.compiler.testTarget}</testTarget>
  <useIncrementalCompilation default-value="true">${maven.compiler.useIncrementalCompilation}</useIncrementalCompilation>
  <verbose default-value="false">${maven.compiler.verbose}</verbose>
</configuration>
[DEBUG] -----------------------------------------------------------------------
[DEBUG] Goal:          org.apache.maven.plugins:maven-surefire-plugin:3.0.0-M7:test (default-test)
[DEBUG] Style:         Regular
[DEBUG] Configuration: <?xml version="1.0" encoding="UTF-8"?>
<configuration>
  <additionalClasspathElements>${maven.test.additionalClasspath}</additionalClasspathElements>
  <argLine>${argLine}</argLine>
  <basedir default-value="${basedir}"/>
  <childDelegation default-value="false">${childDelegation}</childDelegation>
  <classesDirectory default-value="${project.build.outputDirectory}"/>
  <classpathDependencyExcludes>${maven.test.dependency.excludes}</classpathDependencyExcludes>
  <debugForkedProcess>${maven.surefire.debug}</debugForkedProcess>
  <dependenciesToScan>${dependenciesToScan}</dependenciesToScan>
  <disableXmlReport default-value="false">${disableXmlReport}</disableXmlReport>
  <enableAssertions default-value="true">${enableAssertions}</enableAssertions>
  <enableProcessChecker>${surefire.enableProcessChecker}</enableProcessChecker>
  <encoding default-value="${project.reporting.outputEncoding}">${surefire.encoding}</encoding>
  <excludeJUnit5Engines>${surefire.excludeJUnit5Engines}</excludeJUnit5Engines>
  <excludedEnvironmentVariables>${surefire.excludedEnvironmentVariables}</excludedEnvironmentVariables>
  <excludedGroups>${excludedGroups}</excludedGroups>
  <excludes>${surefire.excludes}</excludes>
  <excludesFile>${surefire.excludesFile}</excludesFile>
  <failIfNoSpecifiedTests default-value="true">${surefire.failIfNoSpecifiedTests}</failIfNoSpecifiedTests>
  <failIfNoTests default-value="false">${failIfNoTests}</failIfNoTests>
  <failOnFlakeCount default-value="0">${surefire.failOnFlakeCount}</failOnFlakeCount>
  <forkCount default-value="1">${forkCount}</forkCount>
  <forkMode default-value="once">${forkMode}</forkMode>
  <forkNode>${surefire.forkNode}</forkNode>
  <forkedProcessExitTimeoutInSeconds default-value="30">${surefire.exitTimeout}</forkedProcessExitTimeoutInSeconds>
  <forkedProcessTimeoutInSeconds>${surefire.timeout}</forkedProcessTimeoutInSeconds>
  <groups>${groups}</groups>
  <includeJUnit5Engines>${surefire.includeJUnit5Engines}</includeJUnit5Engines>
  <includes>${surefire.includes}</includes>
  <includesFile>${surefire.includesFile}</includesFile>
  <junitArtifactName default-value="junit:junit">${junitArtifactName}</junitArtifactName>
  <jvm>${jvm}</jvm>
  <localRepository default-value="${localRepository}"/>
  <objectFactory>${objectFactory}</objectFactory>
  <parallel>${parallel}</parallel>
  <parallelMavenExecution default-value="${session.parallel}"/>
  <parallelOptimized default-value="true">${parallelOptimized}</parallelOptimized>
  <parallelTestsTimeoutForcedInSeconds>${surefire.parallel.forcedTimeout}</parallelTestsTimeoutForcedInSeconds>
  <parallelTestsTimeoutInSeconds>${surefire.parallel.timeout}</parallelTestsTimeoutInSeconds>
  <perCoreThreadCount default-value="true">${perCoreThreadCount}</perCoreThreadCount>
  <pluginArtifactMap>${plugin.artifactMap}</pluginArtifactMap>
  <pluginDescriptor default-value="${plugin}"/>
  <printSummary default-value="true">${surefire.printSummary}</printSummary>
  <project default-value="${project}"/>
  <projectArtifactMap>${project.artifactMap}</projectArtifactMap>
  <projectBuildDirectory default-value="${project.build.directory}"/>
  <projectRemoteRepositories default-value="${project.remoteArtifactRepositories}"/>
  <redirectTestOutputToFile default-value="false">${maven.test.redirectTestOutputToFile}</redirectTestOutputToFile>
  <remoteRepositories default-value="${project.pluginArtifactRepositories}"/>
  <reportFormat default-value="brief">${surefire.reportFormat}</reportFormat>
  <reportNameSuffix default-value="">${surefire.reportNameSuffix}</reportNameSuffix>
  <reportsDirectory default-value="${project.build.directory}/surefire-reports"/>
  <rerunFailingTestsCount default-value="0">${surefire.rerunFailingTestsCount}</rerunFailingTestsCount>
  <reuseForks default-value="true">${reuseForks}</reuseForks>
  <runOrder default-value="filesystem">${surefire.runOrder}</runOrder>
  <runOrderRandomSeed>${surefire.runOrder.random.seed}</runOrderRandomSeed>
  <session default-value="${session}"/>
  <shutdown default-value="exit">${surefire.shutdown}</shutdown>
  <skip default-value="false">${maven.test.skip}</skip>
  <skipAfterFailureCount default-value="0">${surefire.skipAfterFailureCount}</skipAfterFailureCount>
  <skipExec>${maven.test.skip.exec}</skipExec>
  <skipTests default-value="false">${skipUTs}</skipTests>
  <suiteXmlFiles>${surefire.suiteXmlFiles}</suiteXmlFiles>
  <systemPropertiesFile>${surefire.systemPropertiesFile}</systemPropertiesFile>
  <tempDir default-value="surefire">${tempDir}</tempDir>
  <test>${test}</test>
  <testClassesDirectory default-value="${project.build.testOutputDirectory}"/>
  <testFailureIgnore default-value="false">${maven.test.failure.ignore}</testFailureIgnore>
  <testNGArtifactName default-value="org.testng:testng">${testNGArtifactName}</testNGArtifactName>
  <testSourceDirectory default-value="${project.build.testSourceDirectory}"/>
  <threadCount>${threadCount}</threadCount>
  <threadCountClasses default-value="0">${threadCountClasses}</threadCountClasses>
  <threadCountMethods default-value="0">${threadCountMethods}</threadCountMethods>
  <threadCountSuites default-value="0">${threadCountSuites}</threadCountSuites>
  <trimStackTrace default-value="false">${trimStackTrace}</trimStackTrace>
  <useFile default-value="true">${surefire.useFile}</useFile>
  <useManifestOnlyJar default-value="true">${surefire.useManifestOnlyJar}</useManifestOnlyJar>
  <useModulePath default-value="true">${surefire.useModulePath}</useModulePath>
  <useSystemClassLoader default-value="true">${surefire.useSystemClassLoader}</useSystemClassLoader>
  <useUnlimitedThreads default-value="false">${useUnlimitedThreads}</useUnlimitedThreads>
  <workingDirectory>${basedir}</workingDirectory>
</configuration>
[DEBUG] =======================================================================
[DEBUG] Using mirror nexus (http://localhost:8081/nexus/content/groups/public) for sonatype-nexus-snapshots (https://oss.sonatype.org/content/repositories/snapshots).
[DEBUG] Dependency collection stats {ConflictMarker.analyzeTime=189167, ConflictMarker.markTime=57000, ConflictMarker.nodeCount=23, ConflictIdSorter.graphTime=102583, ConflictIdSorter.topsortTime=82250, ConflictIdSorter.conflictIdCount=14, ConflictIdSorter.conflictIdCycleCount=0, ConflictResolver.totalTime=1195208, ConflictResolver.conflictItemCount=22, DefaultDependencyCollector.collectTime=15853417, DefaultDependencyCollector.transformTime=2232125}
[DEBUG] com.soebes.youtube.maven.episodes:example-episode-3:jar:1.0-SNAPSHOT
[DEBUG]    org.junit.jupiter:junit-jupiter-engine:jar:5.8.2:test
[DEBUG]       org.junit.platform:junit-platform-engine:jar:1.8.2:test (version managed from 1.8.2)
[DEBUG]          org.opentest4j:opentest4j:jar:1.2.0:test
[DEBUG]          org.junit.platform:junit-platform-commons:jar:1.8.2:test (version managed from 1.8.2)
[DEBUG]       org.junit.jupiter:junit-jupiter-api:jar:5.8.2:test (version managed from 5.8.2)
[DEBUG]       org.apiguardian:apiguardian-api:jar:1.1.2:test
[DEBUG]    org.junit.vintage:junit-vintage-engine:jar:5.8.2:test
[DEBUG]       junit:junit:jar:4.13.2:test (version managed from 4.13.2)
[DEBUG]          org.hamcrest:hamcrest-core:jar:1.3:test
[DEBUG]    org.junit.support:testng-engine:jar:1.0.2:test
[DEBUG]       org.testng:testng:jar:7.4.0:test (version managed from 6.14.3)
[DEBUG]          com.beust:jcommander:jar:1.78:test
[DEBUG]          org.webjars:jquery:jar:3.5.1:test
[DEBUG]    org.assertj:assertj-core:jar:3.22.0:test
[INFO] 
[INFO] --- maven-clean-plugin:3.2.0:clean (default-clean) @ example-episode-3 ---
[DEBUG] Dependency collection stats {ConflictMarker.analyzeTime=9167, ConflictMarker.markTime=28792, ConflictMarker.nodeCount=3, ConflictIdSorter.graphTime=3458, ConflictIdSorter.topsortTime=5792, ConflictIdSorter.conflictIdCount=3, ConflictIdSorter.conflictIdCycleCount=0, ConflictResolver.totalTime=42167, ConflictResolver.conflictItemCount=3, DefaultDependencyCollector.collectTime=6822959, DefaultDependencyCollector.transformTime=117166}
[DEBUG] org.apache.maven.plugins:maven-clean-plugin:jar:3.2.0
[DEBUG]    org.apache.maven.shared:maven-shared-utils:jar:3.3.4:compile
[DEBUG]       commons-io:commons-io:jar:2.6:compile
[DEBUG]    org.codehaus.plexus:plexus-utils:jar:1.1:runtime
[DEBUG] Created new class realm plugin>org.apache.maven.plugins:maven-clean-plugin:3.2.0
[DEBUG] Importing foreign packages into class realm plugin>org.apache.maven.plugins:maven-clean-plugin:3.2.0
[DEBUG]   Imported:  < maven.api
[DEBUG] Populating class realm plugin>org.apache.maven.plugins:maven-clean-plugin:3.2.0
[DEBUG]   Included: org.apache.maven.plugins:maven-clean-plugin:jar:3.2.0
[DEBUG]   Included: org.apache.maven.shared:maven-shared-utils:jar:3.3.4
[DEBUG]   Included: commons-io:commons-io:jar:2.6
[DEBUG]   Included: org.codehaus.plexus:plexus-utils:jar:1.1
[DEBUG] Configuring mojo org.apache.maven.plugins:maven-clean-plugin:3.2.0:clean from plugin realm ClassRealm[plugin>org.apache.maven.plugins:maven-clean-plugin:3.2.0, parent: jdk.internal.loader.ClassLoaders$AppClassLoader@531d72ca]
[DEBUG] Configuring mojo 'org.apache.maven.plugins:maven-clean-plugin:3.2.0:clean' with basic configurator -->
[DEBUG]   (f) directory = /Users/khm/ws-git-soebes/examples/youtube-videos/sffs-bug/target
[DEBUG]   (f) excludeDefaultDirectories = false
[DEBUG]   (f) failOnError = true
[DEBUG]   (f) fast = false
[DEBUG]   (f) fastMode = background
[DEBUG]   (f) followSymLinks = false
[DEBUG]   (f) outputDirectory = /Users/khm/ws-git-soebes/examples/youtube-videos/sffs-bug/target/classes
[DEBUG]   (f) reportDirectory = /Users/khm/ws-git-soebes/examples/youtube-videos/sffs-bug/target/classes
[DEBUG]   (f) retryOnError = true
[DEBUG]   (f) session = org.apache.maven.execution.MavenSession@66596a88
[DEBUG]   (f) skip = false
[DEBUG]   (f) testOutputDirectory = /Users/khm/ws-git-soebes/examples/youtube-videos/sffs-bug/target/test-classes
[DEBUG] -- end configuration --
[INFO] Deleting /Users/khm/ws-git-soebes/examples/youtube-videos/sffs-bug/target
[INFO] Deleting file /Users/khm/ws-git-soebes/examples/youtube-videos/sffs-bug/target/surefire-reports/com.soebes.youtube.maven.episodes.ep3.jupiter.FractionJUnitJupiterTest.txt
[INFO] Deleting file /Users/khm/ws-git-soebes/examples/youtube-videos/sffs-bug/target/surefire-reports/com.soebes.youtube.maven.episodes.ep3.testng.FractionTestNGTest.txt
[INFO] Deleting file /Users/khm/ws-git-soebes/examples/youtube-videos/sffs-bug/target/surefire-reports/com.soebes.youtube.maven.episodes.ep3.junit.FractionJUnit4Test.txt
[INFO] Deleting file /Users/khm/ws-git-soebes/examples/youtube-videos/sffs-bug/target/surefire-reports/TEST-com.soebes.youtube.maven.episodes.ep3.testng.FractionTestNGTest.xml
[INFO] Deleting file /Users/khm/ws-git-soebes/examples/youtube-videos/sffs-bug/target/surefire-reports/TEST-com.soebes.youtube.maven.episodes.ep3.junit.FractionJUnit4Test.xml
[INFO] Deleting file /Users/khm/ws-git-soebes/examples/youtube-videos/sffs-bug/target/surefire-reports/TEST-com.soebes.youtube.maven.episodes.ep3.jupiter.FractionJUnitJupiterTest.xml
[INFO] Deleting directory /Users/khm/ws-git-soebes/examples/youtube-videos/sffs-bug/target/surefire-reports
[INFO] Deleting directory /Users/khm/ws-git-soebes/examples/youtube-videos/sffs-bug/target/generated-test-sources/test-annotations
[INFO] Deleting directory /Users/khm/ws-git-soebes/examples/youtube-videos/sffs-bug/target/generated-test-sources
[INFO] Deleting file /Users/khm/ws-git-soebes/examples/youtube-videos/sffs-bug/target/maven-status/maven-compiler-plugin/compile/default-compile/createdFiles.lst
[INFO] Deleting file /Users/khm/ws-git-soebes/examples/youtube-videos/sffs-bug/target/maven-status/maven-compiler-plugin/compile/default-compile/inputFiles.lst
[INFO] Deleting directory /Users/khm/ws-git-soebes/examples/youtube-videos/sffs-bug/target/maven-status/maven-compiler-plugin/compile/default-compile
[INFO] Deleting directory /Users/khm/ws-git-soebes/examples/youtube-videos/sffs-bug/target/maven-status/maven-compiler-plugin/compile
[INFO] Deleting file /Users/khm/ws-git-soebes/examples/youtube-videos/sffs-bug/target/maven-status/maven-compiler-plugin/testCompile/default-testCompile/createdFiles.lst
[INFO] Deleting file /Users/khm/ws-git-soebes/examples/youtube-videos/sffs-bug/target/maven-status/maven-compiler-plugin/testCompile/default-testCompile/inputFiles.lst
[INFO] Deleting directory /Users/khm/ws-git-soebes/examples/youtube-videos/sffs-bug/target/maven-status/maven-compiler-plugin/testCompile/default-testCompile
[INFO] Deleting directory /Users/khm/ws-git-soebes/examples/youtube-videos/sffs-bug/target/maven-status/maven-compiler-plugin/testCompile
[INFO] Deleting directory /Users/khm/ws-git-soebes/examples/youtube-videos/sffs-bug/target/maven-status/maven-compiler-plugin
[INFO] Deleting directory /Users/khm/ws-git-soebes/examples/youtube-videos/sffs-bug/target/maven-status
[INFO] Deleting file /Users/khm/ws-git-soebes/examples/youtube-videos/sffs-bug/target/classes/com/soebes/youtube/maven/episodes/ep3/Fraction.class
[INFO] Deleting directory /Users/khm/ws-git-soebes/examples/youtube-videos/sffs-bug/target/classes/com/soebes/youtube/maven/episodes/ep3
[INFO] Deleting directory /Users/khm/ws-git-soebes/examples/youtube-videos/sffs-bug/target/classes/com/soebes/youtube/maven/episodes
[INFO] Deleting directory /Users/khm/ws-git-soebes/examples/youtube-videos/sffs-bug/target/classes/com/soebes/youtube/maven
[INFO] Deleting directory /Users/khm/ws-git-soebes/examples/youtube-videos/sffs-bug/target/classes/com/soebes/youtube
[INFO] Deleting directory /Users/khm/ws-git-soebes/examples/youtube-videos/sffs-bug/target/classes/com/soebes
[INFO] Deleting directory /Users/khm/ws-git-soebes/examples/youtube-videos/sffs-bug/target/classes/com
[INFO] Deleting directory /Users/khm/ws-git-soebes/examples/youtube-videos/sffs-bug/target/classes
[INFO] Deleting directory /Users/khm/ws-git-soebes/examples/youtube-videos/sffs-bug/target/generated-sources/annotations
[INFO] Deleting directory /Users/khm/ws-git-soebes/examples/youtube-videos/sffs-bug/target/generated-sources
[INFO] Deleting file /Users/khm/ws-git-soebes/examples/youtube-videos/sffs-bug/target/test-classes/com/soebes/youtube/maven/episodes/ep3/jupiter/FractionJUnitJupiterIT.class
[INFO] Deleting file /Users/khm/ws-git-soebes/examples/youtube-videos/sffs-bug/target/test-classes/com/soebes/youtube/maven/episodes/ep3/jupiter/FractionJUnitJupiterTest.class
[INFO] Deleting directory /Users/khm/ws-git-soebes/examples/youtube-videos/sffs-bug/target/test-classes/com/soebes/youtube/maven/episodes/ep3/jupiter
[INFO] Deleting file /Users/khm/ws-git-soebes/examples/youtube-videos/sffs-bug/target/test-classes/com/soebes/youtube/maven/episodes/ep3/testng/FractionTestNGTest.class
[INFO] Deleting file /Users/khm/ws-git-soebes/examples/youtube-videos/sffs-bug/target/test-classes/com/soebes/youtube/maven/episodes/ep3/testng/FractionTestNGIT.class
[INFO] Deleting directory /Users/khm/ws-git-soebes/examples/youtube-videos/sffs-bug/target/test-classes/com/soebes/youtube/maven/episodes/ep3/testng
[INFO] Deleting file /Users/khm/ws-git-soebes/examples/youtube-videos/sffs-bug/target/test-classes/com/soebes/youtube/maven/episodes/ep3/junit/FractionJUnit4IT.class
[INFO] Deleting file /Users/khm/ws-git-soebes/examples/youtube-videos/sffs-bug/target/test-classes/com/soebes/youtube/maven/episodes/ep3/junit/FractionJUnit4Test.class
[INFO] Deleting directory /Users/khm/ws-git-soebes/examples/youtube-videos/sffs-bug/target/test-classes/com/soebes/youtube/maven/episodes/ep3/junit
[INFO] Deleting directory /Users/khm/ws-git-soebes/examples/youtube-videos/sffs-bug/target/test-classes/com/soebes/youtube/maven/episodes/ep3
[INFO] Deleting directory /Users/khm/ws-git-soebes/examples/youtube-videos/sffs-bug/target/test-classes/com/soebes/youtube/maven/episodes
[INFO] Deleting directory /Users/khm/ws-git-soebes/examples/youtube-videos/sffs-bug/target/test-classes/com/soebes/youtube/maven
[INFO] Deleting directory /Users/khm/ws-git-soebes/examples/youtube-videos/sffs-bug/target/test-classes/com/soebes/youtube
[INFO] Deleting directory /Users/khm/ws-git-soebes/examples/youtube-videos/sffs-bug/target/test-classes/com/soebes
[INFO] Deleting directory /Users/khm/ws-git-soebes/examples/youtube-videos/sffs-bug/target/test-classes/com
[INFO] Deleting directory /Users/khm/ws-git-soebes/examples/youtube-videos/sffs-bug/target/test-classes
[INFO] Deleting directory /Users/khm/ws-git-soebes/examples/youtube-videos/sffs-bug/target
[DEBUG] Skipping non-existing directory /Users/khm/ws-git-soebes/examples/youtube-videos/sffs-bug/target/classes
[DEBUG] Skipping non-existing directory /Users/khm/ws-git-soebes/examples/youtube-videos/sffs-bug/target/test-classes
[DEBUG] Skipping non-existing directory /Users/khm/ws-git-soebes/examples/youtube-videos/sffs-bug/target/classes
[INFO] 
[INFO] --- maven-resources-plugin:3.2.0:resources (default-resources) @ example-episode-3 ---
[DEBUG] Using mirror nexus (http://localhost:8081/nexus/content/groups/public) for apache.snapshots (http://repository.apache.org/snapshots).
[DEBUG] Using mirror nexus (http://localhost:8081/nexus/content/groups/public) for repository.jboss.org (http://repository.jboss.org/maven2).
[DEBUG] Using mirror nexus (http://localhost:8081/nexus/content/groups/public) for snapshots.jboss.org (http://snapshots.jboss.org/maven2).
[DEBUG] Using mirror nexus (http://localhost:8081/nexus/content/groups/public) for oss.sonatype.org/jboss-snapshots (http://oss.sonatype.org/content/repositories/jboss-snapshots).
[DEBUG] Using mirror nexus (http://localhost:8081/nexus/content/groups/public) for codehaus.snapshots (http://snapshots.repository.codehaus.org).
[DEBUG] Dependency collection stats {ConflictMarker.analyzeTime=121334, ConflictMarker.markTime=80500, ConflictMarker.nodeCount=86, ConflictIdSorter.graphTime=78583, ConflictIdSorter.topsortTime=18458, ConflictIdSorter.conflictIdCount=35, ConflictIdSorter.conflictIdCycleCount=0, ConflictResolver.totalTime=1744042, ConflictResolver.conflictItemCount=85, DefaultDependencyCollector.collectTime=47940042, DefaultDependencyCollector.transformTime=2065791}
[DEBUG] org.apache.maven.plugins:maven-resources-plugin:jar:3.2.0
[DEBUG]    org.apache.maven:maven-plugin-api:jar:3.1.0:compile
[DEBUG]       org.apache.maven:maven-artifact:jar:3.1.0:compile
[DEBUG]    org.apache.maven:maven-core:jar:3.1.0:compile
[DEBUG]       org.apache.maven:maven-settings:jar:3.1.0:compile
[DEBUG]       org.apache.maven:maven-settings-builder:jar:3.1.0:compile
[DEBUG]       org.apache.maven:maven-repository-metadata:jar:3.1.0:compile
[DEBUG]       org.apache.maven:maven-model-builder:jar:3.1.0:compile
[DEBUG]       org.apache.maven:maven-aether-provider:jar:3.1.0:compile
[DEBUG]          org.eclipse.aether:aether-spi:jar:0.9.0.M2:compile
[DEBUG]       org.eclipse.aether:aether-impl:jar:0.9.0.M2:compile
[DEBUG]       org.eclipse.aether:aether-api:jar:0.9.0.M2:compile
[DEBUG]       org.eclipse.aether:aether-util:jar:0.9.0.M2:compile
[DEBUG]       org.codehaus.plexus:plexus-utils:jar:3.0.10:compile
[DEBUG]       org.codehaus.plexus:plexus-classworlds:jar:2.4.2:compile
[DEBUG]       org.sonatype.plexus:plexus-sec-dispatcher:jar:1.3:compile
[DEBUG]          org.sonatype.plexus:plexus-cipher:jar:1.4:compile
[DEBUG]    org.apache.maven:maven-model:jar:3.1.0:compile
[DEBUG]    org.codehaus.plexus:plexus-component-annotations:jar:2.0.0:compile
[DEBUG]    org.codehaus.plexus:plexus-interpolation:jar:1.26:runtime
[DEBUG]    org.eclipse.sisu:org.eclipse.sisu.plexus:jar:0.0.0.M2a:compile
[DEBUG]       javax.enterprise:cdi-api:jar:1.0:compile
[DEBUG]          javax.annotation:jsr250-api:jar:1.0:compile
[DEBUG]          javax.inject:javax.inject:jar:1:compile
[DEBUG]       com.google.guava:guava:jar:10.0.1:compile
[DEBUG]          com.google.code.findbugs:jsr305:jar:1.3.9:compile
[DEBUG]       org.sonatype.sisu:sisu-guice:jar:no_aop:3.1.0:compile
[DEBUG]          aopalliance:aopalliance:jar:1.0:compile
[DEBUG]       org.eclipse.sisu:org.eclipse.sisu.inject:jar:0.0.0.M2a:compile
[DEBUG]          asm:asm:jar:3.3.1:compile
[DEBUG]    org.apache.maven.shared:maven-filtering:jar:3.2.0:compile
[DEBUG]       org.apache.maven.shared:maven-shared-utils:jar:3.3.3:compile
[DEBUG]       org.sonatype.plexus:plexus-build-api:jar:0.0.7:compile
[DEBUG]    commons-io:commons-io:jar:2.6:compile
[DEBUG]    org.apache.commons:commons-lang3:jar:3.8.1:compile
[DEBUG] Created new class realm plugin>org.apache.maven.plugins:maven-resources-plugin:3.2.0
[DEBUG] Importing foreign packages into class realm plugin>org.apache.maven.plugins:maven-resources-plugin:3.2.0
[DEBUG]   Imported:  < maven.api
[DEBUG] Populating class realm plugin>org.apache.maven.plugins:maven-resources-plugin:3.2.0
[DEBUG]   Included: org.apache.maven.plugins:maven-resources-plugin:jar:3.2.0
[DEBUG]   Included: org.eclipse.aether:aether-util:jar:0.9.0.M2
[DEBUG]   Included: org.codehaus.plexus:plexus-utils:jar:3.0.10
[DEBUG]   Included: org.sonatype.plexus:plexus-sec-dispatcher:jar:1.3
[DEBUG]   Included: org.sonatype.plexus:plexus-cipher:jar:1.4
[DEBUG]   Included: org.codehaus.plexus:plexus-component-annotations:jar:2.0.0
[DEBUG]   Included: org.codehaus.plexus:plexus-interpolation:jar:1.26
[DEBUG]   Included: javax.enterprise:cdi-api:jar:1.0
[DEBUG]   Included: javax.annotation:jsr250-api:jar:1.0
[DEBUG]   Included: com.google.guava:guava:jar:10.0.1
[DEBUG]   Included: com.google.code.findbugs:jsr305:jar:1.3.9
[DEBUG]   Included: org.sonatype.sisu:sisu-guice:jar:no_aop:3.1.0
[DEBUG]   Included: aopalliance:aopalliance:jar:1.0
[DEBUG]   Included: org.eclipse.sisu:org.eclipse.sisu.inject:jar:0.0.0.M2a
[DEBUG]   Included: asm:asm:jar:3.3.1
[DEBUG]   Included: org.apache.maven.shared:maven-filtering:jar:3.2.0
[DEBUG]   Included: org.apache.maven.shared:maven-shared-utils:jar:3.3.3
[DEBUG]   Included: org.sonatype.plexus:plexus-build-api:jar:0.0.7
[DEBUG]   Included: commons-io:commons-io:jar:2.6
[DEBUG]   Included: org.apache.commons:commons-lang3:jar:3.8.1
[DEBUG] Configuring mojo org.apache.maven.plugins:maven-resources-plugin:3.2.0:resources from plugin realm ClassRealm[plugin>org.apache.maven.plugins:maven-resources-plugin:3.2.0, parent: jdk.internal.loader.ClassLoaders$AppClassLoader@531d72ca]
[DEBUG] Configuring mojo 'org.apache.maven.plugins:maven-resources-plugin:3.2.0:resources' with basic configurator -->
[DEBUG]   (f) addDefaultExcludes = true
[DEBUG]   (f) buildFilters = []
[DEBUG]   (f) encoding = UTF-8
[DEBUG]   (f) escapeWindowsPaths = true
[DEBUG]   (f) fileNameFiltering = false
[DEBUG]   (s) includeEmptyDirs = false
[DEBUG]   (s) outputDirectory = /Users/khm/ws-git-soebes/examples/youtube-videos/sffs-bug/target/classes
[DEBUG]   (s) overwrite = false
[DEBUG]   (f) project = MavenProject: com.soebes.youtube.maven.episodes:example-episode-3:1.0-SNAPSHOT @ /Users/khm/ws-git-soebes/examples/youtube-videos/sffs-bug/pom.xml
[DEBUG]   (s) resources = [Resource {targetPath: null, filtering: false, FileSet {directory: /Users/khm/ws-git-soebes/examples/youtube-videos/sffs-bug/src/main/resources, PatternSet [includes: {}, excludes: {}]}}]
[DEBUG]   (f) session = org.apache.maven.execution.MavenSession@66596a88
[DEBUG]   (f) skip = false
[DEBUG]   (f) supportMultiLineFiltering = false
[DEBUG]   (f) useBuildFilters = true
[DEBUG]   (s) useDefaultDelimiters = true
[DEBUG] -- end configuration --
[DEBUG] properties used {env.TERM=xterm-256color, java.specification.version=17, sun.arch.data.model=64, java.vendor.url=http://www.azul.com/, sun.boot.library.path=/Users/khm/.sdkman/candidates/java/17.0.3-zulu/zulu-17.jdk/Contents/Home/lib, sun.java.command=org.codehaus.plexus.classworlds.launcher.Launcher clean test -X, jdk.debug=release, maven.version=3.8.6, java.specification.vendor=Oracle Corporation, java.version.date=2022-04-19, java.home=/Users/khm/.sdkman/candidates/java/17.0.3-zulu/zulu-17.jdk/Contents/Home, java.vm.specification.vendor=Oracle Corporation, java.specification.name=Java Platform API Specification, sun.management.compiler=HotSpot 64-Bit Tiered Compilers, java.runtime.version=17.0.3+7-LTS, env.LSCOLORS=Gxfxcxdxbxegedabagacad, env.PATH=/Users/khm/.sdkman/candidates/java/17.0.3-zulu/bin:/opt/homebrew/sbin:/opt/homebrew/bin:/Users/khm/tools:/Users/khm/tools/maven/bin:/Users/khm/bin:/usr/local/bin:/usr/bin:/bin:/usr/sbin:/sbin:/usr/local/MacGPG2/bin, env.__CFBundleIdentifier=com.apple.Terminal, file.encoding=UTF-8, java.vendor.version=Zulu17.34+19-CA, env.HISTCONTROL=ignoreboth:erasedups, env.SHLVL=1, project.baseUri=file:/Users/khm/ws-git-soebes/examples/youtube-videos/sffs-bug/, java.io.tmpdir=/var/folders/wj/73qxv5hd6p573p9ytbf4kcgh0000gn/T/, java.version=17.0.3, java.vm.specification.name=Java Virtual Machine Specification, native.encoding=UTF-8, env.SDKMAN_PLATFORM=darwinarm64, java.library.path=/Users/khm/Library/Java/Extensions:/Library/Java/Extensions:/Network/Library/Java/Extensions:/System/Library/Java/Extensions:/usr/lib/java:., java.vendor=Azul Systems, Inc., classworlds.conf=/Users/khm/tools/maven/bin/m2.conf, sun.io.unicode.encoding=UnicodeBig, java.vm.specification.version=17, os.name=Mac OS X, env.LaunchInstanceID=7F37B71F-FF22-4594-A8C0-A5CB46B3927A, http.nonProxyHosts=local|*.local|169.254/16|*.169.254/16, user.home=/Users/khm, maven.build.timestamp=2022-06-20T01:29:04Z, env.ZSH=/Users/khm/.oh-my-zsh, path.separator=:, os.version=12.4, java.vm.name=OpenJDK 64-Bit Server VM, env.SHELL=/bin/zsh, os.arch=aarch64, maven.multiModuleProjectDirectory=/Users/khm/ws-git-soebes/examples/youtube-videos/sffs-bug, env.MAVEN_PROJECTBASEDIR=/Users/khm/ws-git-soebes/examples/youtube-videos/sffs-bug, java.vm.info=mixed mode, sharing, env.USER=khm, java.class.version=61.0, sun.jnu.encoding=UTF-8, env.SDKMAN_CANDIDATES_API=https://api.sdkman.io/2, maven.build.version=Apache Maven 3.8.6 (84538c9988a25aec085021c365c560670ad80f63), maven.home=/Users/khm/tools/maven, sun.stderr.encoding=UTF-8, env.JAVA_HOME=/Users/khm/.sdkman/candidates/java/17.0.3-zulu, file.separator=/, env.LESS=-X, java.vm.compressedOopsMode=Zero based, line.separator=
, env.TERM_PROGRAM_VERSION=445, user.name=khm, env.LOGNAME=khm, env.XPC_FLAGS=0x0, env.__CF_USER_TEXT_ENCODING=0x1F5:0x0:0x0, env.TERM_SESSION_ID=B83FC74B-005B-451E-A897-B74FF55773BE, env.JAVA_MAIN_CLASS_82288=org.codehaus.plexus.classworlds.launcher.Launcher, env.SSH_AUTH_SOCK=/private/tmp/com.apple.launchd.30QwfKxvdx/Listeners, env.SDKMAN_DIR=/Users/khm/.sdkman, env.TMPDIR=/var/folders/wj/73qxv5hd6p573p9ytbf4kcgh0000gn/T/, library.jansi.path=/Users/khm/tools/maven/lib/jansi-native, env.TERM_PROGRAM=Apple_Terminal, env.SDKMAN_CANDIDATES_DIR=/Users/khm/.sdkman/candidates, socksNonProxyHosts=local|*.local|169.254/16|*.169.254/16, env.OLDPWD=/Users/khm/ws-git-soebes/examples/youtube-videos/sffs-bug, env.PWD=/Users/khm/ws-git-soebes/examples/youtube-videos/sffs-bug, env.PAGER=less, java.class.path=/Users/khm/tools/maven/boot/plexus-classworlds-2.6.0.jar, env.HOME=/Users/khm, env.SECURITYSESSIONID=186b0, java.vm.vendor=Azul Systems, Inc., maven.conf=/Users/khm/tools/maven/conf, sun.java.launcher=SUN_STANDARD, user.country=DE, sun.cpu.endian=little, user.language=en, maven.compiler.release=17, env.XPC_SERVICE_NAME=0, ftp.nonProxyHosts=local|*.local|169.254/16|*.169.254/16, java.runtime.name=OpenJDK Runtime Environment, project.build.sourceEncoding=UTF-8, env.MAVEN_CMD_LINE_ARGS= clean test -X, java.vendor.url.bug=http://www.azul.com/support/, user.dir=/Users/khm/ws-git-soebes/examples/youtube-videos/sffs-bug, env.SDKMAN_VERSION=5.15.0, java.vm.version=17.0.3+7-LTS}
[INFO] Using 'UTF-8' encoding to copy filtered resources.
[INFO] Using 'UTF-8' encoding to copy filtered properties files.
[DEBUG] resource with targetPath null
directory /Users/khm/ws-git-soebes/examples/youtube-videos/sffs-bug/src/main/resources
excludes []
includes []
[INFO] skip non existing resourceDirectory /Users/khm/ws-git-soebes/examples/youtube-videos/sffs-bug/src/main/resources
[DEBUG] no use filter components
[INFO] 
[INFO] --- maven-compiler-plugin:3.10.1:compile (default-compile) @ example-episode-3 ---
[DEBUG] Using mirror nexus (http://localhost:8081/nexus/content/groups/public) for ow2-snapshot (http://repository.ow2.org/nexus/content/repositories/snapshots).
[DEBUG] Dependency collection stats {ConflictMarker.analyzeTime=31958, ConflictMarker.markTime=36459, ConflictMarker.nodeCount=17, ConflictIdSorter.graphTime=11667, ConflictIdSorter.topsortTime=9708, ConflictIdSorter.conflictIdCount=12, ConflictIdSorter.conflictIdCycleCount=0, ConflictResolver.totalTime=199000, ConflictResolver.conflictItemCount=17, DefaultDependencyCollector.collectTime=9618125, DefaultDependencyCollector.transformTime=299417}
[DEBUG] org.apache.maven.plugins:maven-compiler-plugin:jar:3.10.1
[DEBUG]    org.apache.maven.shared:maven-shared-utils:jar:3.3.4:compile
[DEBUG]       commons-io:commons-io:jar:2.6:compile
[DEBUG]    org.apache.maven.shared:maven-shared-incremental:jar:1.1:compile
[DEBUG]       org.codehaus.plexus:plexus-component-annotations:jar:2.0.0:compile (version managed from default)
[DEBUG]    org.codehaus.plexus:plexus-java:jar:1.1.1:compile
[DEBUG]       org.ow2.asm:asm:jar:9.2:compile
[DEBUG]       com.thoughtworks.qdox:qdox:jar:2.0.1:compile (version managed from default)
[DEBUG]    org.codehaus.plexus:plexus-compiler-api:jar:2.11.1:compile
[DEBUG]       org.codehaus.plexus:plexus-utils:jar:3.4.1:compile
[DEBUG]    org.codehaus.plexus:plexus-compiler-manager:jar:2.11.1:compile
[DEBUG]    org.codehaus.plexus:plexus-compiler-javac:jar:2.11.1:runtime
[DEBUG] Created new class realm plugin>org.apache.maven.plugins:maven-compiler-plugin:3.10.1
[DEBUG] Importing foreign packages into class realm plugin>org.apache.maven.plugins:maven-compiler-plugin:3.10.1
[DEBUG]   Imported:  < maven.api
[DEBUG] Populating class realm plugin>org.apache.maven.plugins:maven-compiler-plugin:3.10.1
[DEBUG]   Included: org.apache.maven.plugins:maven-compiler-plugin:jar:3.10.1
[DEBUG]   Included: org.apache.maven.shared:maven-shared-utils:jar:3.3.4
[DEBUG]   Included: commons-io:commons-io:jar:2.6
[DEBUG]   Included: org.apache.maven.shared:maven-shared-incremental:jar:1.1
[DEBUG]   Included: org.codehaus.plexus:plexus-component-annotations:jar:2.0.0
[DEBUG]   Included: org.codehaus.plexus:plexus-java:jar:1.1.1
[DEBUG]   Included: org.ow2.asm:asm:jar:9.2
[DEBUG]   Included: com.thoughtworks.qdox:qdox:jar:2.0.1
[DEBUG]   Included: org.codehaus.plexus:plexus-compiler-api:jar:2.11.1
[DEBUG]   Included: org.codehaus.plexus:plexus-utils:jar:3.4.1
[DEBUG]   Included: org.codehaus.plexus:plexus-compiler-manager:jar:2.11.1
[DEBUG]   Included: org.codehaus.plexus:plexus-compiler-javac:jar:2.11.1
[DEBUG] Configuring mojo org.apache.maven.plugins:maven-compiler-plugin:3.10.1:compile from plugin realm ClassRealm[plugin>org.apache.maven.plugins:maven-compiler-plugin:3.10.1, parent: jdk.internal.loader.ClassLoaders$AppClassLoader@531d72ca]
[DEBUG] Configuring mojo 'org.apache.maven.plugins:maven-compiler-plugin:3.10.1:compile' with basic configurator -->
[DEBUG]   (f) basedir = /Users/khm/ws-git-soebes/examples/youtube-videos/sffs-bug
[DEBUG]   (f) buildDirectory = /Users/khm/ws-git-soebes/examples/youtube-videos/sffs-bug/target
[DEBUG]   (f) compilePath = [/Users/khm/ws-git-soebes/examples/youtube-videos/sffs-bug/target/classes]
[DEBUG]   (f) compileSourceRoots = [/Users/khm/ws-git-soebes/examples/youtube-videos/sffs-bug/src/main/java]
[DEBUG]   (f) compilerId = javac
[DEBUG]   (f) createMissingPackageInfoClass = true
[DEBUG]   (f) debug = true
[DEBUG]   (f) debugFileName = javac
[DEBUG]   (f) enablePreview = false
[DEBUG]   (f) encoding = UTF-8
[DEBUG]   (f) failOnError = true
[DEBUG]   (f) failOnWarning = false
[DEBUG]   (f) forceJavacCompilerUse = false
[DEBUG]   (f) fork = false
[DEBUG]   (f) generatedSourcesDirectory = /Users/khm/ws-git-soebes/examples/youtube-videos/sffs-bug/target/generated-sources/annotations
[DEBUG]   (f) mojoExecution = org.apache.maven.plugins:maven-compiler-plugin:3.10.1:compile {execution: default-compile}
[DEBUG]   (f) optimize = false
[DEBUG]   (f) outputDirectory = /Users/khm/ws-git-soebes/examples/youtube-videos/sffs-bug/target/classes
[DEBUG]   (f) parameters = false
[DEBUG]   (f) project = MavenProject: com.soebes.youtube.maven.episodes:example-episode-3:1.0-SNAPSHOT @ /Users/khm/ws-git-soebes/examples/youtube-videos/sffs-bug/pom.xml
[DEBUG]   (f) projectArtifact = com.soebes.youtube.maven.episodes:example-episode-3:jar:1.0-SNAPSHOT
[DEBUG]   (s) release = 17
[DEBUG]   (f) session = org.apache.maven.execution.MavenSession@66596a88
[DEBUG]   (f) showDeprecation = false
[DEBUG]   (f) showWarnings = false
[DEBUG]   (f) skipMultiThreadWarning = false
[DEBUG]   (f) source = 1.7
[DEBUG]   (f) staleMillis = 0
[DEBUG]   (s) target = 1.7
[DEBUG]   (f) useIncrementalCompilation = true
[DEBUG]   (f) verbose = false
[DEBUG] -- end configuration --
[DEBUG] Using compiler 'javac'.
[DEBUG] Adding /Users/khm/ws-git-soebes/examples/youtube-videos/sffs-bug/target/generated-sources/annotations to compile source roots:
  /Users/khm/ws-git-soebes/examples/youtube-videos/sffs-bug/src/main/java
[DEBUG] New compile source roots:
  /Users/khm/ws-git-soebes/examples/youtube-videos/sffs-bug/src/main/java
  /Users/khm/ws-git-soebes/examples/youtube-videos/sffs-bug/target/generated-sources/annotations
[DEBUG] CompilerReuseStrategy: reuseCreated
[DEBUG] useIncrementalCompilation enabled
[DEBUG] Stale source detected: /Users/khm/ws-git-soebes/examples/youtube-videos/sffs-bug/src/main/java/com/soebes/youtube/maven/episodes/ep3/Fraction.java
[INFO] Changes detected - recompiling the module!
[DEBUG] Classpath:
[DEBUG]  /Users/khm/ws-git-soebes/examples/youtube-videos/sffs-bug/target/classes
[DEBUG] Source roots:
[DEBUG]  /Users/khm/ws-git-soebes/examples/youtube-videos/sffs-bug/src/main/java
[DEBUG]  /Users/khm/ws-git-soebes/examples/youtube-videos/sffs-bug/target/generated-sources/annotations
[DEBUG] Command line options:
[DEBUG] -d /Users/khm/ws-git-soebes/examples/youtube-videos/sffs-bug/target/classes -classpath /Users/khm/ws-git-soebes/examples/youtube-videos/sffs-bug/target/classes: -sourcepath /Users/khm/ws-git-soebes/examples/youtube-videos/sffs-bug/src/main/java:/Users/khm/ws-git-soebes/examples/youtube-videos/sffs-bug/target/generated-sources/annotations: -s /Users/khm/ws-git-soebes/examples/youtube-videos/sffs-bug/target/generated-sources/annotations -g -nowarn --release 17 -encoding UTF-8
[DEBUG] incrementalBuildHelper#beforeRebuildExecution
[INFO] Compiling 1 source file to /Users/khm/ws-git-soebes/examples/youtube-videos/sffs-bug/target/classes
[DEBUG] incrementalBuildHelper#afterRebuildExecution
[INFO] 
[INFO] --- maven-resources-plugin:3.2.0:testResources (default-testResources) @ example-episode-3 ---
[DEBUG] Configuring mojo org.apache.maven.plugins:maven-resources-plugin:3.2.0:testResources from plugin realm ClassRealm[plugin>org.apache.maven.plugins:maven-resources-plugin:3.2.0, parent: jdk.internal.loader.ClassLoaders$AppClassLoader@531d72ca]
[DEBUG] Configuring mojo 'org.apache.maven.plugins:maven-resources-plugin:3.2.0:testResources' with basic configurator -->
[DEBUG]   (f) addDefaultExcludes = true
[DEBUG]   (f) buildFilters = []
[DEBUG]   (f) encoding = UTF-8
[DEBUG]   (f) escapeWindowsPaths = true
[DEBUG]   (f) fileNameFiltering = false
[DEBUG]   (s) includeEmptyDirs = false
[DEBUG]   (s) outputDirectory = /Users/khm/ws-git-soebes/examples/youtube-videos/sffs-bug/target/test-classes
[DEBUG]   (s) overwrite = false
[DEBUG]   (f) project = MavenProject: com.soebes.youtube.maven.episodes:example-episode-3:1.0-SNAPSHOT @ /Users/khm/ws-git-soebes/examples/youtube-videos/sffs-bug/pom.xml
[DEBUG]   (s) resources = [Resource {targetPath: null, filtering: false, FileSet {directory: /Users/khm/ws-git-soebes/examples/youtube-videos/sffs-bug/src/test/resources, PatternSet [includes: {}, excludes: {}]}}]
[DEBUG]   (f) session = org.apache.maven.execution.MavenSession@66596a88
[DEBUG]   (f) skip = false
[DEBUG]   (f) supportMultiLineFiltering = false
[DEBUG]   (f) useBuildFilters = true
[DEBUG]   (s) useDefaultDelimiters = true
[DEBUG] -- end configuration --
[DEBUG] properties used {env.TERM=xterm-256color, java.specification.version=17, sun.arch.data.model=64, java.vendor.url=http://www.azul.com/, sun.boot.library.path=/Users/khm/.sdkman/candidates/java/17.0.3-zulu/zulu-17.jdk/Contents/Home/lib, sun.java.command=org.codehaus.plexus.classworlds.launcher.Launcher clean test -X, jdk.debug=release, maven.version=3.8.6, java.specification.vendor=Oracle Corporation, java.version.date=2022-04-19, java.home=/Users/khm/.sdkman/candidates/java/17.0.3-zulu/zulu-17.jdk/Contents/Home, java.vm.specification.vendor=Oracle Corporation, java.specification.name=Java Platform API Specification, sun.management.compiler=HotSpot 64-Bit Tiered Compilers, java.runtime.version=17.0.3+7-LTS, env.LSCOLORS=Gxfxcxdxbxegedabagacad, env.PATH=/Users/khm/.sdkman/candidates/java/17.0.3-zulu/bin:/opt/homebrew/sbin:/opt/homebrew/bin:/Users/khm/tools:/Users/khm/tools/maven/bin:/Users/khm/bin:/usr/local/bin:/usr/bin:/bin:/usr/sbin:/sbin:/usr/local/MacGPG2/bin, env.__CFBundleIdentifier=com.apple.Terminal, file.encoding=UTF-8, java.vendor.version=Zulu17.34+19-CA, env.HISTCONTROL=ignoreboth:erasedups, env.SHLVL=1, project.baseUri=file:/Users/khm/ws-git-soebes/examples/youtube-videos/sffs-bug/, java.io.tmpdir=/var/folders/wj/73qxv5hd6p573p9ytbf4kcgh0000gn/T/, java.version=17.0.3, java.vm.specification.name=Java Virtual Machine Specification, native.encoding=UTF-8, env.SDKMAN_PLATFORM=darwinarm64, java.library.path=/Users/khm/Library/Java/Extensions:/Library/Java/Extensions:/Network/Library/Java/Extensions:/System/Library/Java/Extensions:/usr/lib/java:., java.vendor=Azul Systems, Inc., classworlds.conf=/Users/khm/tools/maven/bin/m2.conf, sun.io.unicode.encoding=UnicodeBig, java.vm.specification.version=17, os.name=Mac OS X, env.LaunchInstanceID=7F37B71F-FF22-4594-A8C0-A5CB46B3927A, http.nonProxyHosts=local|*.local|169.254/16|*.169.254/16, user.home=/Users/khm, maven.build.timestamp=2022-06-20T01:29:04Z, env.ZSH=/Users/khm/.oh-my-zsh, path.separator=:, os.version=12.4, java.vm.name=OpenJDK 64-Bit Server VM, env.SHELL=/bin/zsh, os.arch=aarch64, maven.multiModuleProjectDirectory=/Users/khm/ws-git-soebes/examples/youtube-videos/sffs-bug, env.MAVEN_PROJECTBASEDIR=/Users/khm/ws-git-soebes/examples/youtube-videos/sffs-bug, java.vm.info=mixed mode, sharing, env.USER=khm, java.class.version=61.0, sun.jnu.encoding=UTF-8, env.SDKMAN_CANDIDATES_API=https://api.sdkman.io/2, maven.build.version=Apache Maven 3.8.6 (84538c9988a25aec085021c365c560670ad80f63), maven.home=/Users/khm/tools/maven, sun.stderr.encoding=UTF-8, env.JAVA_HOME=/Users/khm/.sdkman/candidates/java/17.0.3-zulu, file.separator=/, env.LESS=-X, java.vm.compressedOopsMode=Zero based, line.separator=
, env.TERM_PROGRAM_VERSION=445, user.name=khm, env.LOGNAME=khm, env.XPC_FLAGS=0x0, env.__CF_USER_TEXT_ENCODING=0x1F5:0x0:0x0, env.TERM_SESSION_ID=B83FC74B-005B-451E-A897-B74FF55773BE, env.JAVA_MAIN_CLASS_82288=org.codehaus.plexus.classworlds.launcher.Launcher, env.SSH_AUTH_SOCK=/private/tmp/com.apple.launchd.30QwfKxvdx/Listeners, env.SDKMAN_DIR=/Users/khm/.sdkman, env.TMPDIR=/var/folders/wj/73qxv5hd6p573p9ytbf4kcgh0000gn/T/, library.jansi.path=/Users/khm/tools/maven/lib/jansi-native, env.TERM_PROGRAM=Apple_Terminal, env.SDKMAN_CANDIDATES_DIR=/Users/khm/.sdkman/candidates, socksNonProxyHosts=local|*.local|169.254/16|*.169.254/16, env.OLDPWD=/Users/khm/ws-git-soebes/examples/youtube-videos/sffs-bug, env.PWD=/Users/khm/ws-git-soebes/examples/youtube-videos/sffs-bug, env.PAGER=less, java.class.path=/Users/khm/tools/maven/boot/plexus-classworlds-2.6.0.jar, env.HOME=/Users/khm, env.SECURITYSESSIONID=186b0, java.vm.vendor=Azul Systems, Inc., maven.conf=/Users/khm/tools/maven/conf, sun.java.launcher=SUN_STANDARD, user.country=DE, sun.cpu.endian=little, user.language=en, maven.compiler.release=17, env.XPC_SERVICE_NAME=0, ftp.nonProxyHosts=local|*.local|169.254/16|*.169.254/16, java.runtime.name=OpenJDK Runtime Environment, project.build.sourceEncoding=UTF-8, env.MAVEN_CMD_LINE_ARGS= clean test -X, java.vendor.url.bug=http://www.azul.com/support/, user.dir=/Users/khm/ws-git-soebes/examples/youtube-videos/sffs-bug, env.SDKMAN_VERSION=5.15.0, java.vm.version=17.0.3+7-LTS}
[INFO] Using 'UTF-8' encoding to copy filtered resources.
[INFO] Using 'UTF-8' encoding to copy filtered properties files.
[DEBUG] resource with targetPath null
directory /Users/khm/ws-git-soebes/examples/youtube-videos/sffs-bug/src/test/resources
excludes []
includes []
[INFO] skip non existing resourceDirectory /Users/khm/ws-git-soebes/examples/youtube-videos/sffs-bug/src/test/resources
[DEBUG] no use filter components
[INFO] 
[INFO] --- maven-compiler-plugin:3.10.1:testCompile (default-testCompile) @ example-episode-3 ---
[DEBUG] Configuring mojo org.apache.maven.plugins:maven-compiler-plugin:3.10.1:testCompile from plugin realm ClassRealm[plugin>org.apache.maven.plugins:maven-compiler-plugin:3.10.1, parent: jdk.internal.loader.ClassLoaders$AppClassLoader@531d72ca]
[DEBUG] Configuring mojo 'org.apache.maven.plugins:maven-compiler-plugin:3.10.1:testCompile' with basic configurator -->
[DEBUG]   (f) basedir = /Users/khm/ws-git-soebes/examples/youtube-videos/sffs-bug
[DEBUG]   (f) buildDirectory = /Users/khm/ws-git-soebes/examples/youtube-videos/sffs-bug/target
[DEBUG]   (f) compileSourceRoots = [/Users/khm/ws-git-soebes/examples/youtube-videos/sffs-bug/src/test/java]
[DEBUG]   (f) compilerId = javac
[DEBUG]   (f) createMissingPackageInfoClass = true
[DEBUG]   (f) debug = true
[DEBUG]   (f) debugFileName = javac-test
[DEBUG]   (f) enablePreview = false
[DEBUG]   (f) encoding = UTF-8
[DEBUG]   (f) failOnError = true
[DEBUG]   (f) failOnWarning = false
[DEBUG]   (f) forceJavacCompilerUse = false
[DEBUG]   (f) fork = false
[DEBUG]   (f) generatedTestSourcesDirectory = /Users/khm/ws-git-soebes/examples/youtube-videos/sffs-bug/target/generated-test-sources/test-annotations
[DEBUG]   (f) mojoExecution = org.apache.maven.plugins:maven-compiler-plugin:3.10.1:testCompile {execution: default-testCompile}
[DEBUG]   (f) optimize = false
[DEBUG]   (f) outputDirectory = /Users/khm/ws-git-soebes/examples/youtube-videos/sffs-bug/target/test-classes
[DEBUG]   (f) parameters = false
[DEBUG]   (f) project = MavenProject: com.soebes.youtube.maven.episodes:example-episode-3:1.0-SNAPSHOT @ /Users/khm/ws-git-soebes/examples/youtube-videos/sffs-bug/pom.xml
[DEBUG]   (s) release = 17
[DEBUG]   (f) session = org.apache.maven.execution.MavenSession@66596a88
[DEBUG]   (f) showDeprecation = false
[DEBUG]   (f) showWarnings = false
[DEBUG]   (f) skipMultiThreadWarning = false
[DEBUG]   (f) source = 1.7
[DEBUG]   (f) staleMillis = 0
[DEBUG]   (s) target = 1.7
[DEBUG]   (f) testPath = [/Users/khm/ws-git-soebes/examples/youtube-videos/sffs-bug/target/test-classes, /Users/khm/ws-git-soebes/examples/youtube-videos/sffs-bug/target/classes, /Users/khm/.m2/repository/org/junit/jupiter/junit-jupiter-engine/5.8.2/junit-jupiter-engine-5.8.2.jar, /Users/khm/.m2/repository/org/junit/platform/junit-platform-engine/1.8.2/junit-platform-engine-1.8.2.jar, /Users/khm/.m2/repository/org/opentest4j/opentest4j/1.2.0/opentest4j-1.2.0.jar, /Users/khm/.m2/repository/org/junit/platform/junit-platform-commons/1.8.2/junit-platform-commons-1.8.2.jar, /Users/khm/.m2/repository/org/junit/jupiter/junit-jupiter-api/5.8.2/junit-jupiter-api-5.8.2.jar, /Users/khm/.m2/repository/org/apiguardian/apiguardian-api/1.1.2/apiguardian-api-1.1.2.jar, /Users/khm/.m2/repository/org/junit/vintage/junit-vintage-engine/5.8.2/junit-vintage-engine-5.8.2.jar, /Users/khm/.m2/repository/junit/junit/4.13.2/junit-4.13.2.jar, /Users/khm/.m2/repository/org/hamcrest/hamcrest-core/1.3/hamcrest-core-1.3.jar, /Users/khm/.m2/repository/org/junit/support/testng-engine/1.0.2/testng-engine-1.0.2.jar, /Users/khm/.m2/repository/org/testng/testng/7.4.0/testng-7.4.0.jar, /Users/khm/.m2/repository/com/beust/jcommander/1.78/jcommander-1.78.jar, /Users/khm/.m2/repository/org/webjars/jquery/3.5.1/jquery-3.5.1.jar, /Users/khm/.m2/repository/org/assertj/assertj-core/3.22.0/assertj-core-3.22.0.jar]
[DEBUG]   (f) useIncrementalCompilation = true
[DEBUG]   (f) verbose = false
[DEBUG] -- end configuration --
[DEBUG] Using compiler 'javac'.
[DEBUG] Adding /Users/khm/ws-git-soebes/examples/youtube-videos/sffs-bug/target/generated-test-sources/test-annotations to test-compile source roots:
  /Users/khm/ws-git-soebes/examples/youtube-videos/sffs-bug/src/test/java
[DEBUG] New test-compile source roots:
  /Users/khm/ws-git-soebes/examples/youtube-videos/sffs-bug/src/test/java
  /Users/khm/ws-git-soebes/examples/youtube-videos/sffs-bug/target/generated-test-sources/test-annotations
[DEBUG] CompilerReuseStrategy: reuseCreated
[DEBUG] useIncrementalCompilation enabled
[DEBUG] New dependency detected: /Users/khm/ws-git-soebes/examples/youtube-videos/sffs-bug/target/classes
[INFO] Changes detected - recompiling the module!
[DEBUG] Classpath:
[DEBUG]  /Users/khm/ws-git-soebes/examples/youtube-videos/sffs-bug/target/test-classes
[DEBUG]  /Users/khm/ws-git-soebes/examples/youtube-videos/sffs-bug/target/classes
[DEBUG]  /Users/khm/.m2/repository/org/junit/jupiter/junit-jupiter-engine/5.8.2/junit-jupiter-engine-5.8.2.jar
[DEBUG]  /Users/khm/.m2/repository/org/junit/platform/junit-platform-engine/1.8.2/junit-platform-engine-1.8.2.jar
[DEBUG]  /Users/khm/.m2/repository/org/opentest4j/opentest4j/1.2.0/opentest4j-1.2.0.jar
[DEBUG]  /Users/khm/.m2/repository/org/junit/platform/junit-platform-commons/1.8.2/junit-platform-commons-1.8.2.jar
[DEBUG]  /Users/khm/.m2/repository/org/junit/jupiter/junit-jupiter-api/5.8.2/junit-jupiter-api-5.8.2.jar
[DEBUG]  /Users/khm/.m2/repository/org/apiguardian/apiguardian-api/1.1.2/apiguardian-api-1.1.2.jar
[DEBUG]  /Users/khm/.m2/repository/org/junit/vintage/junit-vintage-engine/5.8.2/junit-vintage-engine-5.8.2.jar
[DEBUG]  /Users/khm/.m2/repository/junit/junit/4.13.2/junit-4.13.2.jar
[DEBUG]  /Users/khm/.m2/repository/org/hamcrest/hamcrest-core/1.3/hamcrest-core-1.3.jar
[DEBUG]  /Users/khm/.m2/repository/org/junit/support/testng-engine/1.0.2/testng-engine-1.0.2.jar
[DEBUG]  /Users/khm/.m2/repository/org/testng/testng/7.4.0/testng-7.4.0.jar
[DEBUG]  /Users/khm/.m2/repository/com/beust/jcommander/1.78/jcommander-1.78.jar
[DEBUG]  /Users/khm/.m2/repository/org/webjars/jquery/3.5.1/jquery-3.5.1.jar
[DEBUG]  /Users/khm/.m2/repository/org/assertj/assertj-core/3.22.0/assertj-core-3.22.0.jar
[DEBUG] Source roots:
[DEBUG]  /Users/khm/ws-git-soebes/examples/youtube-videos/sffs-bug/src/test/java
[DEBUG]  /Users/khm/ws-git-soebes/examples/youtube-videos/sffs-bug/target/generated-test-sources/test-annotations
[DEBUG] Command line options:
[DEBUG] -d /Users/khm/ws-git-soebes/examples/youtube-videos/sffs-bug/target/test-classes -classpath /Users/khm/ws-git-soebes/examples/youtube-videos/sffs-bug/target/test-classes:/Users/khm/ws-git-soebes/examples/youtube-videos/sffs-bug/target/classes:/Users/khm/.m2/repository/org/junit/jupiter/junit-jupiter-engine/5.8.2/junit-jupiter-engine-5.8.2.jar:/Users/khm/.m2/repository/org/junit/platform/junit-platform-engine/1.8.2/junit-platform-engine-1.8.2.jar:/Users/khm/.m2/repository/org/opentest4j/opentest4j/1.2.0/opentest4j-1.2.0.jar:/Users/khm/.m2/repository/org/junit/platform/junit-platform-commons/1.8.2/junit-platform-commons-1.8.2.jar:/Users/khm/.m2/repository/org/junit/jupiter/junit-jupiter-api/5.8.2/junit-jupiter-api-5.8.2.jar:/Users/khm/.m2/repository/org/apiguardian/apiguardian-api/1.1.2/apiguardian-api-1.1.2.jar:/Users/khm/.m2/repository/org/junit/vintage/junit-vintage-engine/5.8.2/junit-vintage-engine-5.8.2.jar:/Users/khm/.m2/repository/junit/junit/4.13.2/junit-4.13.2.jar:/Users/khm/.m2/repository/org/hamcrest/hamcrest-core/1.3/hamcrest-core-1.3.jar:/Users/khm/.m2/repository/org/junit/support/testng-engine/1.0.2/testng-engine-1.0.2.jar:/Users/khm/.m2/repository/org/testng/testng/7.4.0/testng-7.4.0.jar:/Users/khm/.m2/repository/com/beust/jcommander/1.78/jcommander-1.78.jar:/Users/khm/.m2/repository/org/webjars/jquery/3.5.1/jquery-3.5.1.jar:/Users/khm/.m2/repository/org/assertj/assertj-core/3.22.0/assertj-core-3.22.0.jar: -sourcepath /Users/khm/ws-git-soebes/examples/youtube-videos/sffs-bug/src/test/java:/Users/khm/ws-git-soebes/examples/youtube-videos/sffs-bug/target/generated-test-sources/test-annotations: -s /Users/khm/ws-git-soebes/examples/youtube-videos/sffs-bug/target/generated-test-sources/test-annotations -g -nowarn --release 17 -encoding UTF-8
[DEBUG] incrementalBuildHelper#beforeRebuildExecution
[INFO] Compiling 6 source files to /Users/khm/ws-git-soebes/examples/youtube-videos/sffs-bug/target/test-classes
[DEBUG] incrementalBuildHelper#afterRebuildExecution
[INFO] 
[INFO] --- maven-surefire-plugin:3.0.0-M7:test (default-test) @ example-episode-3 ---
[DEBUG] Using mirror nexus (http://localhost:8081/nexus/content/groups/public) for jvnet-nexus-snapshots (https://maven.java.net/content/repositories/snapshots).
[DEBUG] Using mirror nexus (http://localhost:8081/nexus/content/groups/public) for jboss-public-repository-group (http://repository.jboss.org/nexus/content/groups/public).
[DEBUG] Dependency collection stats {ConflictMarker.analyzeTime=104500, ConflictMarker.markTime=79167, ConflictMarker.nodeCount=76, ConflictIdSorter.graphTime=55750, ConflictIdSorter.topsortTime=22375, ConflictIdSorter.conflictIdCount=39, ConflictIdSorter.conflictIdCycleCount=0, ConflictResolver.totalTime=885959, ConflictResolver.conflictItemCount=75, DefaultDependencyCollector.collectTime=37114584, DefaultDependencyCollector.transformTime=1163083}
[DEBUG] org.apache.maven.plugins:maven-surefire-plugin:jar:3.0.0-M7
[DEBUG]    org.apache.maven.surefire:maven-surefire-common:jar:3.0.0-M7:compile
[DEBUG]       org.apache.maven.surefire:surefire-api:jar:3.0.0-M7:compile
[DEBUG]          org.apache.maven.surefire:surefire-logger-api:jar:3.0.0-M7:compile
[DEBUG]       org.apache.maven.surefire:surefire-extensions-api:jar:3.0.0-M7:compile
[DEBUG]       org.apache.maven.surefire:surefire-booter:jar:3.0.0-M7:compile
[DEBUG]          org.apache.maven.surefire:surefire-extensions-spi:jar:3.0.0-M7:compile
[DEBUG]       org.apache.maven.shared:maven-common-artifact-filters:jar:3.1.1:compile (version managed from default) (exclusions managed from default)
[DEBUG]          org.apache.maven:maven-artifact:jar:3.2.5:provided (scope managed from default) (version managed from default)
[DEBUG]             org.codehaus.plexus:plexus-utils:jar:3.3.0:provided (version managed from default)
[DEBUG]          org.apache.maven:maven-core:jar:3.2.5:provided (scope managed from default) (version managed from default)
[DEBUG]             org.apache.maven:maven-settings:jar:3.2.5:provided (version managed from default)
[DEBUG]             org.apache.maven:maven-settings-builder:jar:3.2.5:provided
[DEBUG]             org.apache.maven:maven-repository-metadata:jar:3.2.5:provided
[DEBUG]             org.apache.maven:maven-model-builder:jar:3.2.5:provided
[DEBUG]             org.apache.maven:maven-aether-provider:jar:3.2.5:provided
[DEBUG]                org.eclipse.aether:aether-spi:jar:1.0.0.v20140518:provided
[DEBUG]             org.eclipse.aether:aether-impl:jar:1.0.0.v20140518:provided
[DEBUG]             org.eclipse.aether:aether-api:jar:1.0.0.v20140518:provided
[DEBUG]             org.eclipse.aether:aether-util:jar:1.0.0.v20140518:provided
[DEBUG]             org.eclipse.sisu:org.eclipse.sisu.plexus:jar:0.3.5:provided (version managed from default)
[DEBUG]                javax.annotation:javax.annotation-api:jar:1.2:provided
[DEBUG]                javax.enterprise:cdi-api:jar:1.2:provided
[DEBUG]                org.eclipse.sisu:org.eclipse.sisu.inject:jar:0.3.5:provided (version managed from default)
[DEBUG]             org.sonatype.sisu:sisu-guice:jar:no_aop:3.2.3:provided
[DEBUG]                javax.inject:javax.inject:jar:1:provided
[DEBUG]                aopalliance:aopalliance:jar:1.0:provided
[DEBUG]                com.google.guava:guava:jar:16.0.1:provided
[DEBUG]             org.codehaus.plexus:plexus-interpolation:jar:1.21:provided
[DEBUG]             org.codehaus.plexus:plexus-classworlds:jar:2.5.2:provided
[DEBUG]             org.codehaus.plexus:plexus-component-annotations:jar:2.1.1:provided (version managed from default)
[DEBUG]             org.sonatype.plexus:plexus-sec-dispatcher:jar:1.3:provided
[DEBUG]                org.sonatype.plexus:plexus-cipher:jar:1.4:provided
[DEBUG]          org.apache.maven:maven-plugin-api:jar:3.2.5:provided (scope managed from default) (version managed from default)
[DEBUG]          commons-io:commons-io:jar:2.11.0:compile (version managed from default)
[DEBUG]       org.codehaus.plexus:plexus-java:jar:1.1.1:compile (version managed from default)
[DEBUG]          org.ow2.asm:asm:jar:9.2:compile
[DEBUG]          com.thoughtworks.qdox:qdox:jar:2.0.1:compile
[DEBUG]       org.apache.maven.surefire:surefire-shared-utils:jar:3.0.0-M7:compile
[DEBUG] Created new class realm plugin>org.apache.maven.plugins:maven-surefire-plugin:3.0.0-M7
[DEBUG] Importing foreign packages into class realm plugin>org.apache.maven.plugins:maven-surefire-plugin:3.0.0-M7
[DEBUG]   Imported:  < maven.api
[DEBUG] Populating class realm plugin>org.apache.maven.plugins:maven-surefire-plugin:3.0.0-M7
[DEBUG]   Included: org.apache.maven.plugins:maven-surefire-plugin:jar:3.0.0-M7
[DEBUG]   Included: org.apache.maven.surefire:maven-surefire-common:jar:3.0.0-M7
[DEBUG]   Included: org.apache.maven.surefire:surefire-api:jar:3.0.0-M7
[DEBUG]   Included: org.apache.maven.surefire:surefire-logger-api:jar:3.0.0-M7
[DEBUG]   Included: org.apache.maven.surefire:surefire-extensions-api:jar:3.0.0-M7
[DEBUG]   Included: org.apache.maven.surefire:surefire-booter:jar:3.0.0-M7
[DEBUG]   Included: org.apache.maven.surefire:surefire-extensions-spi:jar:3.0.0-M7
[DEBUG]   Included: org.apache.maven.shared:maven-common-artifact-filters:jar:3.1.1
[DEBUG]   Included: commons-io:commons-io:jar:2.11.0
[DEBUG]   Included: org.codehaus.plexus:plexus-java:jar:1.1.1
[DEBUG]   Included: org.ow2.asm:asm:jar:9.2
[DEBUG]   Included: com.thoughtworks.qdox:qdox:jar:2.0.1
[DEBUG]   Included: org.apache.maven.surefire:surefire-shared-utils:jar:3.0.0-M7
[DEBUG] Configuring mojo org.apache.maven.plugins:maven-surefire-plugin:3.0.0-M7:test from plugin realm ClassRealm[plugin>org.apache.maven.plugins:maven-surefire-plugin:3.0.0-M7, parent: jdk.internal.loader.ClassLoaders$AppClassLoader@531d72ca]
[DEBUG] Configuring mojo 'org.apache.maven.plugins:maven-surefire-plugin:3.0.0-M7:test' with basic configurator -->
[DEBUG]   (s) additionalClasspathElements = []
[DEBUG]   (s) basedir = /Users/khm/ws-git-soebes/examples/youtube-videos/sffs-bug
[DEBUG]   (s) childDelegation = false
[DEBUG]   (f) classesDirectory = /Users/khm/ws-git-soebes/examples/youtube-videos/sffs-bug/target/classes
[DEBUG]   (s) classpathDependencyExcludes = []
[DEBUG]   (s) dependenciesToScan = []
[DEBUG]   (s) disableXmlReport = false
[DEBUG]   (s) enableAssertions = true
[DEBUG]   (s) excludeJUnit5Engines = []
[DEBUG]   (f) excludedEnvironmentVariables = []
[DEBUG]   (s) excludes = []
[DEBUG]   (s) failIfNoSpecifiedTests = true
[DEBUG]   (s) failIfNoTests = false
[DEBUG]   (s) failOnFlakeCount = 0
[DEBUG]   (f) forkCount = 1
[DEBUG]   (s) forkMode = once
[DEBUG]   (s) forkedProcessExitTimeoutInSeconds = 30
[DEBUG]   (s) includeJUnit5Engines = []
[DEBUG]   (s) includes = []
[DEBUG]   (s) junitArtifactName = junit:junit
[DEBUG]   (s) localRepository =       id: local
      url: file:///Users/khm/.m2/repository/
   layout: default
snapshots: [enabled => true, update => always]
 releases: [enabled => true, update => always]
   blocked: false

[DEBUG]   (f) parallelMavenExecution = false
[DEBUG]   (s) parallelOptimized = true
[DEBUG]   (s) perCoreThreadCount = true
[DEBUG]   (s) pluginArtifactMap = {org.apache.maven.plugins:maven-surefire-plugin=org.apache.maven.plugins:maven-surefire-plugin:maven-plugin:3.0.0-M7:, org.apache.maven.surefire:maven-surefire-common=org.apache.maven.surefire:maven-surefire-common:jar:3.0.0-M7:compile, org.apache.maven.surefire:surefire-api=org.apache.maven.surefire:surefire-api:jar:3.0.0-M7:compile, org.apache.maven.surefire:surefire-logger-api=org.apache.maven.surefire:surefire-logger-api:jar:3.0.0-M7:compile, org.apache.maven.surefire:surefire-extensions-api=org.apache.maven.surefire:surefire-extensions-api:jar:3.0.0-M7:compile, org.apache.maven.surefire:surefire-booter=org.apache.maven.surefire:surefire-booter:jar:3.0.0-M7:compile, org.apache.maven.surefire:surefire-extensions-spi=org.apache.maven.surefire:surefire-extensions-spi:jar:3.0.0-M7:compile, org.apache.maven.shared:maven-common-artifact-filters=org.apache.maven.shared:maven-common-artifact-filters:jar:3.1.1:compile, commons-io:commons-io=commons-io:commons-io:jar:2.11.0:compile, org.codehaus.plexus:plexus-java=org.codehaus.plexus:plexus-java:jar:1.1.1:compile, org.ow2.asm:asm=org.ow2.asm:asm:jar:9.2:compile, com.thoughtworks.qdox:qdox=com.thoughtworks.qdox:qdox:jar:2.0.1:compile, org.apache.maven.surefire:surefire-shared-utils=org.apache.maven.surefire:surefire-shared-utils:jar:3.0.0-M7:compile}
[DEBUG]   (f) pluginDescriptor = Component Descriptor: role: 'org.apache.maven.plugin.Mojo', implementation: 'org.apache.maven.plugin.surefire.HelpMojo', role hint: 'org.apache.maven.plugins:maven-surefire-plugin:3.0.0-M7:help'
role: 'org.apache.maven.plugin.Mojo', implementation: 'org.apache.maven.plugin.surefire.SurefirePlugin', role hint: 'org.apache.maven.plugins:maven-surefire-plugin:3.0.0-M7:test'
---
[DEBUG]   (s) printSummary = true
[DEBUG]   (s) project = MavenProject: com.soebes.youtube.maven.episodes:example-episode-3:1.0-SNAPSHOT @ /Users/khm/ws-git-soebes/examples/youtube-videos/sffs-bug/pom.xml
[DEBUG]   (s) projectArtifactMap = {org.junit.jupiter:junit-jupiter-engine=org.junit.jupiter:junit-jupiter-engine:jar:5.8.2:test, org.junit.platform:junit-platform-engine=org.junit.platform:junit-platform-engine:jar:1.8.2:test, org.opentest4j:opentest4j=org.opentest4j:opentest4j:jar:1.2.0:test, org.junit.platform:junit-platform-commons=org.junit.platform:junit-platform-commons:jar:1.8.2:test, org.junit.jupiter:junit-jupiter-api=org.junit.jupiter:junit-jupiter-api:jar:5.8.2:test, org.apiguardian:apiguardian-api=org.apiguardian:apiguardian-api:jar:1.1.2:test, org.junit.vintage:junit-vintage-engine=org.junit.vintage:junit-vintage-engine:jar:5.8.2:test, junit:junit=junit:junit:jar:4.13.2:test, org.hamcrest:hamcrest-core=org.hamcrest:hamcrest-core:jar:1.3:test, org.junit.support:testng-engine=org.junit.support:testng-engine:jar:1.0.2:test, org.testng:testng=org.testng:testng:jar:7.4.0:test, com.beust:jcommander=com.beust:jcommander:jar:1.78:test, org.webjars:jquery=org.webjars:jquery:jar:3.5.1:test, org.assertj:assertj-core=org.assertj:assertj-core:jar:3.22.0:test}
[DEBUG]   (s) projectBuildDirectory = /Users/khm/ws-git-soebes/examples/youtube-videos/sffs-bug/target
[DEBUG]   (s) projectRemoteRepositories = [      id: nexus
      url: http://localhost:8081/nexus/content/groups/public
   layout: default
snapshots: [enabled => true, update => daily]
 releases: [enabled => true, update => daily]
   blocked: false
]
[DEBUG]   (s) redirectTestOutputToFile = false
[DEBUG]   (s) remoteRepositories = [      id: nexus
      url: http://localhost:8081/nexus/content/groups/public
   layout: default
snapshots: [enabled => true, update => daily]
 releases: [enabled => true, update => daily]
   blocked: false
]
[DEBUG]   (s) reportFormat = brief
[DEBUG]   (s) reportsDirectory = /Users/khm/ws-git-soebes/examples/youtube-videos/sffs-bug/target/surefire-reports
[DEBUG]   (f) rerunFailingTestsCount = 0
[DEBUG]   (f) reuseForks = true
[DEBUG]   (s) runOrder = filesystem
[DEBUG]   (s) session = org.apache.maven.execution.MavenSession@66596a88
[DEBUG]   (f) shutdown = exit
[DEBUG]   (s) skip = false
[DEBUG]   (f) skipAfterFailureCount = 0
[DEBUG]   (s) skipTests = false
[DEBUG]   (s) suiteXmlFiles = []
[DEBUG]   (s) tempDir = surefire
[DEBUG]   (s) testClassesDirectory = /Users/khm/ws-git-soebes/examples/youtube-videos/sffs-bug/target/test-classes
[DEBUG]   (s) testFailureIgnore = false
[DEBUG]   (s) testNGArtifactName = org.testng:testng
[DEBUG]   (s) testSourceDirectory = /Users/khm/ws-git-soebes/examples/youtube-videos/sffs-bug/src/test/java
[DEBUG]   (s) threadCountClasses = 0
[DEBUG]   (s) threadCountMethods = 0
[DEBUG]   (s) threadCountSuites = 0
[DEBUG]   (s) trimStackTrace = false
[DEBUG]   (s) useFile = true
[DEBUG]   (s) useManifestOnlyJar = true
[DEBUG]   (f) useModulePath = true
[DEBUG]   (s) useSystemClassLoader = true
[DEBUG]   (s) useUnlimitedThreads = false
[DEBUG]   (s) workingDirectory = /Users/khm/ws-git-soebes/examples/youtube-videos/sffs-bug
[DEBUG] -- end configuration --
[DEBUG] Using JVM: /Users/khm/.sdkman/candidates/java/17.0.3-zulu/zulu-17.jdk/Contents/Home/bin/java with Java version 17.0
[DEBUG] Resolved included and excluded patterns: **/Test*.java, **/*Test.java, **/*Tests.java, **/*TestCase.java, !**/*$*
[DEBUG] Surefire report directory: /Users/khm/ws-git-soebes/examples/youtube-videos/sffs-bug/target/surefire-reports
[INFO] Using auto detected provider org.apache.maven.surefire.junitplatform.JUnitPlatformProvider
[DEBUG] Using the provider org.apache.maven.surefire.junitplatform.JUnitPlatformProvider
[DEBUG] Setting system property [basedir]=[/Users/khm/ws-git-soebes/examples/youtube-videos/sffs-bug]
[DEBUG] Setting system property [localRepository]=[/Users/khm/.m2/repository]
[DEBUG] Adding to surefire booter test classpath: /Users/khm/.m2/repository/org/apache/maven/surefire/surefire-booter/3.0.0-M7/surefire-booter-3.0.0-M7.jar Scope: compile
[DEBUG] Adding to surefire booter test classpath: /Users/khm/.m2/repository/org/apache/maven/surefire/surefire-api/3.0.0-M7/surefire-api-3.0.0-M7.jar Scope: compile
[DEBUG] Adding to surefire booter test classpath: /Users/khm/.m2/repository/org/apache/maven/surefire/surefire-logger-api/3.0.0-M7/surefire-logger-api-3.0.0-M7.jar Scope: compile
[DEBUG] Adding to surefire booter test classpath: /Users/khm/.m2/repository/org/apache/maven/surefire/surefire-shared-utils/3.0.0-M7/surefire-shared-utils-3.0.0-M7.jar Scope: compile
[DEBUG] Adding to surefire booter test classpath: /Users/khm/.m2/repository/org/apache/maven/surefire/surefire-extensions-spi/3.0.0-M7/surefire-extensions-spi-3.0.0-M7.jar Scope: compile
[DEBUG] Found implementation of fork node factory: org.apache.maven.plugin.surefire.extensions.LegacyForkNodeFactory
[DEBUG] Adding to surefire test classpath: /Users/khm/.m2/repository/org/apache/maven/surefire/surefire-junit-platform/3.0.0-M7/surefire-junit-platform-3.0.0-M7.jar Scope: null
[DEBUG] Adding to surefire test classpath: /Users/khm/.m2/repository/org/apache/maven/surefire/common-java5/3.0.0-M7/common-java5-3.0.0-M7.jar Scope: compile
[DEBUG] Adding to surefire test classpath: /Users/khm/.m2/repository/org/apache/maven/surefire/surefire-shared-utils/3.0.0-M7/surefire-shared-utils-3.0.0-M7.jar Scope: compile
[DEBUG] Adding to surefire test classpath: /Users/khm/.m2/repository/org/apache/maven/surefire/surefire-api/3.0.0-M7/surefire-api-3.0.0-M7.jar Scope: compile
[DEBUG] Adding to surefire test classpath: /Users/khm/.m2/repository/org/apache/maven/surefire/surefire-logger-api/3.0.0-M7/surefire-logger-api-3.0.0-M7.jar Scope: compile
[DEBUG] Adding to surefire test classpath: /Users/khm/.m2/repository/org/junit/platform/junit-platform-launcher/1.3.2/junit-platform-launcher-1.3.2.jar Scope: compile
[DEBUG] Adding to surefire test classpath: /Users/khm/.m2/repository/org/apiguardian/apiguardian-api/1.0.0/apiguardian-api-1.0.0.jar Scope: compile
[DEBUG] Adding to surefire test classpath: /Users/khm/.m2/repository/org/junit/platform/junit-platform-engine/1.3.2/junit-platform-engine-1.3.2.jar Scope: compile
[DEBUG] Adding to surefire test classpath: /Users/khm/.m2/repository/org/junit/platform/junit-platform-commons/1.3.2/junit-platform-commons-1.3.2.jar Scope: compile
[DEBUG] Adding to surefire test classpath: /Users/khm/.m2/repository/org/opentest4j/opentest4j/1.1.1/opentest4j-1.1.1.jar Scope: compile
[DEBUG] Resolving artifact org.junit.platform:junit-platform-launcher:1.8.2
[DEBUG] Resolved artifact org.junit.platform:junit-platform-launcher:1.8.2 to [org.junit.platform:junit-platform-launcher:jar:1.8.2, org.junit.platform:junit-platform-engine:jar:1.8.2:compile, org.opentest4j:opentest4j:jar:1.2.0:compile, org.junit.platform:junit-platform-commons:jar:1.8.2:compile, org.apiguardian:apiguardian-api:jar:1.1.2:compile]
[DEBUG] test classpath:  /Users/khm/ws-git-soebes/examples/youtube-videos/sffs-bug/target/test-classes  /Users/khm/ws-git-soebes/examples/youtube-videos/sffs-bug/target/classes  /Users/khm/.m2/repository/org/junit/jupiter/junit-jupiter-engine/5.8.2/junit-jupiter-engine-5.8.2.jar  /Users/khm/.m2/repository/org/junit/platform/junit-platform-engine/1.8.2/junit-platform-engine-1.8.2.jar  /Users/khm/.m2/repository/org/opentest4j/opentest4j/1.2.0/opentest4j-1.2.0.jar  /Users/khm/.m2/repository/org/junit/platform/junit-platform-commons/1.8.2/junit-platform-commons-1.8.2.jar  /Users/khm/.m2/repository/org/junit/jupiter/junit-jupiter-api/5.8.2/junit-jupiter-api-5.8.2.jar  /Users/khm/.m2/repository/org/apiguardian/apiguardian-api/1.1.2/apiguardian-api-1.1.2.jar  /Users/khm/.m2/repository/org/junit/vintage/junit-vintage-engine/5.8.2/junit-vintage-engine-5.8.2.jar  /Users/khm/.m2/repository/junit/junit/4.13.2/junit-4.13.2.jar  /Users/khm/.m2/repository/org/hamcrest/hamcrest-core/1.3/hamcrest-core-1.3.jar  /Users/khm/.m2/repository/org/junit/support/testng-engine/1.0.2/testng-engine-1.0.2.jar  /Users/khm/.m2/repository/org/testng/testng/7.4.0/testng-7.4.0.jar  /Users/khm/.m2/repository/com/beust/jcommander/1.78/jcommander-1.78.jar  /Users/khm/.m2/repository/org/webjars/jquery/3.5.1/jquery-3.5.1.jar  /Users/khm/.m2/repository/org/assertj/assertj-core/3.22.0/assertj-core-3.22.0.jar
[DEBUG] provider classpath:  /Users/khm/.m2/repository/org/apache/maven/surefire/surefire-junit-platform/3.0.0-M7/surefire-junit-platform-3.0.0-M7.jar  /Users/khm/.m2/repository/org/apache/maven/surefire/surefire-api/3.0.0-M7/surefire-api-3.0.0-M7.jar  /Users/khm/.m2/repository/org/apache/maven/surefire/surefire-logger-api/3.0.0-M7/surefire-logger-api-3.0.0-M7.jar  /Users/khm/.m2/repository/org/apache/maven/surefire/surefire-shared-utils/3.0.0-M7/surefire-shared-utils-3.0.0-M7.jar  /Users/khm/.m2/repository/org/apache/maven/surefire/common-java5/3.0.0-M7/common-java5-3.0.0-M7.jar  /Users/khm/.m2/repository/org/junit/platform/junit-platform-launcher/1.8.2/junit-platform-launcher-1.8.2.jar
[DEBUG] test(compact) classpath:  test-classes  classes  junit-jupiter-engine-5.8.2.jar  junit-platform-engine-1.8.2.jar  opentest4j-1.2.0.jar  junit-platform-commons-1.8.2.jar  junit-jupiter-api-5.8.2.jar  apiguardian-api-1.1.2.jar  junit-vintage-engine-5.8.2.jar  junit-4.13.2.jar  hamcrest-core-1.3.jar  testng-engine-1.0.2.jar  testng-7.4.0.jar  jcommander-1.78.jar  jquery-3.5.1.jar  assertj-core-3.22.0.jar
[DEBUG] provider(compact) classpath:  surefire-junit-platform-3.0.0-M7.jar  surefire-api-3.0.0-M7.jar  surefire-logger-api-3.0.0-M7.jar  surefire-shared-utils-3.0.0-M7.jar  common-java5-3.0.0-M7.jar  junit-platform-launcher-1.8.2.jar
[DEBUG] in-process classpath:  /Users/khm/.m2/repository/org/apache/maven/surefire/surefire-junit-platform/3.0.0-M7/surefire-junit-platform-3.0.0-M7.jar  /Users/khm/.m2/repository/org/apache/maven/surefire/surefire-api/3.0.0-M7/surefire-api-3.0.0-M7.jar  /Users/khm/.m2/repository/org/apache/maven/surefire/surefire-logger-api/3.0.0-M7/surefire-logger-api-3.0.0-M7.jar  /Users/khm/.m2/repository/org/apache/maven/surefire/surefire-shared-utils/3.0.0-M7/surefire-shared-utils-3.0.0-M7.jar  /Users/khm/.m2/repository/org/apache/maven/surefire/common-java5/3.0.0-M7/common-java5-3.0.0-M7.jar  /Users/khm/.m2/repository/org/junit/platform/junit-platform-launcher/1.8.2/junit-platform-launcher-1.8.2.jar  /Users/khm/.m2/repository/org/apache/maven/surefire/maven-surefire-common/3.0.0-M7/maven-surefire-common-3.0.0-M7.jar  /Users/khm/.m2/repository/org/apache/maven/surefire/surefire-booter/3.0.0-M7/surefire-booter-3.0.0-M7.jar  /Users/khm/.m2/repository/org/apache/maven/surefire/surefire-extensions-api/3.0.0-M7/surefire-extensions-api-3.0.0-M7.jar  /Users/khm/.m2/repository/org/apache/maven/surefire/surefire-extensions-spi/3.0.0-M7/surefire-extensions-spi-3.0.0-M7.jar
[DEBUG] in-process(compact) classpath:  surefire-junit-platform-3.0.0-M7.jar  surefire-api-3.0.0-M7.jar  surefire-logger-api-3.0.0-M7.jar  surefire-shared-utils-3.0.0-M7.jar  common-java5-3.0.0-M7.jar  junit-platform-launcher-1.8.2.jar  maven-surefire-common-3.0.0-M7.jar  surefire-booter-3.0.0-M7.jar  surefire-extensions-api-3.0.0-M7.jar  surefire-extensions-spi-3.0.0-M7.jar
[INFO] 
[INFO] -------------------------------------------------------
[INFO]  T E S T S
[INFO] -------------------------------------------------------
[DEBUG] Determined Maven Process ID 82288
[DEBUG] Fork Channel [1] connection string 'pipe://1' for the implementation class org.apache.maven.plugin.surefire.extensions.LegacyForkChannel
[DEBUG] boot classpath:  /Users/khm/.m2/repository/org/apache/maven/surefire/surefire-booter/3.0.0-M7/surefire-booter-3.0.0-M7.jar  /Users/khm/.m2/repository/org/apache/maven/surefire/surefire-api/3.0.0-M7/surefire-api-3.0.0-M7.jar  /Users/khm/.m2/repository/org/apache/maven/surefire/surefire-logger-api/3.0.0-M7/surefire-logger-api-3.0.0-M7.jar  /Users/khm/.m2/repository/org/apache/maven/surefire/surefire-shared-utils/3.0.0-M7/surefire-shared-utils-3.0.0-M7.jar  /Users/khm/.m2/repository/org/apache/maven/surefire/surefire-extensions-spi/3.0.0-M7/surefire-extensions-spi-3.0.0-M7.jar  /Users/khm/ws-git-soebes/examples/youtube-videos/sffs-bug/target/test-classes  /Users/khm/ws-git-soebes/examples/youtube-videos/sffs-bug/target/classes  /Users/khm/.m2/repository/org/junit/jupiter/junit-jupiter-engine/5.8.2/junit-jupiter-engine-5.8.2.jar  /Users/khm/.m2/repository/org/junit/platform/junit-platform-engine/1.8.2/junit-platform-engine-1.8.2.jar  /Users/khm/.m2/repository/org/opentest4j/opentest4j/1.2.0/opentest4j-1.2.0.jar  /Users/khm/.m2/repository/org/junit/platform/junit-platform-commons/1.8.2/junit-platform-commons-1.8.2.jar  /Users/khm/.m2/repository/org/junit/jupiter/junit-jupiter-api/5.8.2/junit-jupiter-api-5.8.2.jar  /Users/khm/.m2/repository/org/apiguardian/apiguardian-api/1.1.2/apiguardian-api-1.1.2.jar  /Users/khm/.m2/repository/org/junit/vintage/junit-vintage-engine/5.8.2/junit-vintage-engine-5.8.2.jar  /Users/khm/.m2/repository/junit/junit/4.13.2/junit-4.13.2.jar  /Users/khm/.m2/repository/org/hamcrest/hamcrest-core/1.3/hamcrest-core-1.3.jar  /Users/khm/.m2/repository/org/junit/support/testng-engine/1.0.2/testng-engine-1.0.2.jar  /Users/khm/.m2/repository/org/testng/testng/7.4.0/testng-7.4.0.jar  /Users/khm/.m2/repository/com/beust/jcommander/1.78/jcommander-1.78.jar  /Users/khm/.m2/repository/org/webjars/jquery/3.5.1/jquery-3.5.1.jar  /Users/khm/.m2/repository/org/assertj/assertj-core/3.22.0/assertj-core-3.22.0.jar  /Users/khm/.m2/repository/org/apache/maven/surefire/surefire-junit-platform/3.0.0-M7/surefire-junit-platform-3.0.0-M7.jar  /Users/khm/.m2/repository/org/apache/maven/surefire/common-java5/3.0.0-M7/common-java5-3.0.0-M7.jar  /Users/khm/.m2/repository/org/junit/platform/junit-platform-launcher/1.8.2/junit-platform-launcher-1.8.2.jar
[DEBUG] boot(compact) classpath:  surefire-booter-3.0.0-M7.jar  surefire-api-3.0.0-M7.jar  surefire-logger-api-3.0.0-M7.jar  surefire-shared-utils-3.0.0-M7.jar  surefire-extensions-spi-3.0.0-M7.jar  test-classes  classes  junit-jupiter-engine-5.8.2.jar  junit-platform-engine-1.8.2.jar  opentest4j-1.2.0.jar  junit-platform-commons-1.8.2.jar  junit-jupiter-api-5.8.2.jar  apiguardian-api-1.1.2.jar  junit-vintage-engine-5.8.2.jar  junit-4.13.2.jar  hamcrest-core-1.3.jar  testng-engine-1.0.2.jar  testng-7.4.0.jar  jcommander-1.78.jar  jquery-3.5.1.jar  assertj-core-3.22.0.jar  surefire-junit-platform-3.0.0-M7.jar  common-java5-3.0.0-M7.jar  junit-platform-launcher-1.8.2.jar
[DEBUG] Forking command line: /bin/sh -c cd '/Users/khm/ws-git-soebes/examples/youtube-videos/sffs-bug' && '/Users/khm/.sdkman/candidates/java/17.0.3-zulu/zulu-17.jdk/Contents/Home/bin/java' '-jar' '/Users/khm/ws-git-soebes/examples/youtube-videos/sffs-bug/target/surefire/surefirebooter-20220620032905019_3.jar' '/Users/khm/ws-git-soebes/examples/youtube-videos/sffs-bug/target/surefire' '2022-06-20T03-29-04_924-jvmRun1' 'surefire-20220620032905019_1tmp' 'surefire_0-20220620032905019_2tmp'
[DEBUG] Fork Channel [1] connected to the client.
[INFO] Running com.soebes.youtube.maven.episodes.ep3.jupiter.FractionJUnitJupiterTest
FractionJUnitJupiterTest.beforeAll
FractionJUnitJupiterTest.beforeEach
FractionJUnitJupiterTest.first_add
FractionJUnitJupiterTest.afterEach
FractionJUnitJupiterTest.afterAll
[INFO] Tests run: 1, Failures: 0, Errors: 0, Skipped: 0, Time elapsed: 0.032 s - in com.soebes.youtube.maven.episodes.ep3.jupiter.FractionJUnitJupiterTest
[INFO] Running com.soebes.youtube.maven.episodes.ep3.junit.FractionJUnit4Test
FractionJUnit4Test.beforeClass
FractionJUnit4Test.before
FractionJUnit4Test.first_add
FractionJUnit4Test.after
FractionJUnit4Test.afterClass
[INFO] Tests run: 1, Failures: 0, Errors: 0, Skipped: 0, Time elapsed: 0.003 s - in com.soebes.youtube.maven.episodes.ep3.junit.FractionJUnit4Test
[INFO] Running com.soebes.youtube.maven.episodes.ep3.testng.FractionTestNGTest
FractionTestNGTest.beforeClass
FractionTestNGTest.beforeMethod
FractionTestNGTest.first_add
FractionTestNGTest.afterMethod
[INFO] Tests run: 1, Failures: 0, Errors: 0, Skipped: 0, Time elapsed: 0.003 s - in com.soebes.youtube.maven.episodes.ep3.testng.FractionTestNGTest
FractionTestNGTest.afterClass
[DEBUG] Closing the fork 1 after saying GoodBye.
[INFO] 
[INFO] Results:
[INFO] 
[INFO] Tests run: 3, Failures: 0, Errors: 0, Skipped: 0
[INFO] 
[INFO] ------------------------------------------------------------------------
[INFO] BUILD SUCCESS
[INFO] ------------------------------------------------------------------------
[INFO] Total time:  1.175 s
[INFO] Finished at: 2022-06-20T03:29:05+02:00
[INFO] ------------------------------------------------------------------------
